# hmmsearch :: search profile(s) against a sequence database
# HMMER 3.3.2 (Nov 2020); http://hmmer.org/
# Copyright (C) 2020 Howard Hughes Medical Institute.
# Freely distributed under the BSD open source license.
# - - - - - - - - - - - - - - - - - - - - - - - - - - - - - - - - - - - -
# query HMM file:                  config/profileHMMs/cysMcustom.HMM
# target sequence database:        workflow/out/prodigal/proteinSeq/Leuconostoc_pseudomesenteroides_prodigal.faa
# output directed to file:         workflow/out/cysMcustom/hmmer_output/Leuconostoc_pseudomesenteroides_cysMcustom.hmm.out
# MSA of all hits saved to file:   workflow/out/cysMcustom/hmmer_output/Leuconostoc_pseudomesenteroides_cysMcustom.sto
# per-dom hits tabular output:     workflow/out/cysMcustom/hmmer_output/Leuconostoc_pseudomesenteroides_cysMcustom.domtblout
# - - - - - - - - - - - - - - - - - - - - - - - - - - - - - - - - - - - -

Query:       cysM_K12339_msa  [M=366]
Scores for complete sequences (score includes all domains):
   --- full sequence ---   --- best 1 domain ---    -#dom-
    E-value  score  bias    E-value  score  bias    exp  N  Sequence          Description
    ------- ------ -----    ------- ------ -----   ---- --  --------          -----------
    0.00049   15.9   0.1    0.00076   15.2   0.1    1.2  1  NZ_CP065993.1_882  # 962036 # 963505 # 1 # ID=1_882;partial=0


Domain annotation for each sequence (and alignments):
>> NZ_CP065993.1_882  # 962036 # 963505 # 1 # ID=1_882;partial=00;start_type=ATG;rbs_motif=AGGA;rbs_spacer=5-10bp;gc_con
   #    score  bias  c-Evalue  i-Evalue hmmfrom  hmm to    alifrom  ali to    envfrom  env to     acc
 ---   ------ ----- --------- --------- ------- -------    ------- -------    ------- -------    ----
   1 !   15.2   0.1   3.7e-07   0.00076      76     162 ..     119     208 ..     109     213 .. 0.85

  Alignments for each domain:
  == domain 1  score: 15.2 bits;  conditional E-value: 3.7e-07
    cysM_K12339_msa  76 smikeaeergeikpgdtliEaTSGNTGi.ALamiaaikgykvklvmpenas..eerkaamrayGAeliltdkeegmegardlaeelaaeg 162
                        +++++a +++ i+++ +++ aTSG TG  A++ +a + + +++++ pe      +r++++++ G + ++t  ++ ++ a++ +++l +++
  NZ_CP065993.1_882 119 HLLTTAAKKQAISDKVVILTATSGDTGTaAMSGFADVPNTEIVVFYPEVGVsdIQRQQMVSETGKNAHVTAITGNFDDAQKAVKTLLSNQ 208
                        5688999********************735899**************9755125788999999999999999999999999999887776 PP



Internal pipeline statistics summary:
-------------------------------------
Query model(s):                            1  (366 nodes)
Target sequences:                       2064  (627666 residues searched)
Passed MSV filter:                        95  (0.0460271); expected 41.3 (0.02)
Passed bias filter:                       69  (0.0334302); expected 41.3 (0.02)
Passed Vit filter:                         8  (0.00387597); expected 2.1 (0.001)
Passed Fwd filter:                         1  (0.000484496); expected 0.0 (1e-05)
Initial search space (Z):               2064  [actual number of targets]
Domain search space  (domZ):               1  [number of targets reported over threshold]
# CPU time: 0.03u 0.00s 00:00:00.03 Elapsed: 00:00:00.01
# Mc/sec: 14158.47
//
# Alignment of 1 hits satisfying inclusion thresholds saved to: workflow/out/cysMcustom/hmmer_output/Leuconostoc_pseudomesenteroides_cysMcustom.sto
[ok]
