# hmmsearch :: search profile(s) against a sequence database
# HMMER 3.3.2 (Nov 2020); http://hmmer.org/
# Copyright (C) 2020 Howard Hughes Medical Institute.
# Freely distributed under the BSD open source license.
# - - - - - - - - - - - - - - - - - - - - - - - - - - - - - - - - - - - -
# query HMM file:                  config/profileHMMs/cysMcustom.HMM
# target sequence database:        workflow/out/prodigal/proteinSeq/Porphyromonas_uenonis_prodigal.faa
# output directed to file:         workflow/out/cysMcustom/hmmer_output/Porphyromonas_uenonis_cysMcustom.hmm.out
# MSA of all hits saved to file:   workflow/out/cysMcustom/hmmer_output/Porphyromonas_uenonis_cysMcustom.sto
# per-dom hits tabular output:     workflow/out/cysMcustom/hmmer_output/Porphyromonas_uenonis_cysMcustom.domtblout
# - - - - - - - - - - - - - - - - - - - - - - - - - - - - - - - - - - - -

Query:       cysM_K12339_msa  [M=366]
Scores for complete sequences (score includes all domains):
   --- full sequence ---   --- best 1 domain ---    -#dom-
    E-value  score  bias    E-value  score  bias    exp  N  Sequence Description
    ------- ------ -----    ------- ------ -----   ---- --  -------- -----------

   [No hits detected that satisfy reporting thresholds]


Domain annotation for each sequence (and alignments):

   [No targets detected that satisfy reporting thresholds]


Internal pipeline statistics summary:
-------------------------------------
Query model(s):                            1  (366 nodes)
Target sequences:                       1769  (658735 residues searched)
Passed MSV filter:                        63  (0.0356133); expected 35.4 (0.02)
Passed bias filter:                       44  (0.0248728); expected 35.4 (0.02)
Passed Vit filter:                         2  (0.00113058); expected 1.8 (0.001)
Passed Fwd filter:                         0  (0); expected 0.0 (1e-05)
Initial search space (Z):               1769  [actual number of targets]
Domain search space  (domZ):               0  [number of targets reported over threshold]
# CPU time: 0.02u 0.00s 00:00:00.02 Elapsed: 00:00:00.00
# Mc/sec: 24641.80
//
# No hits satisfy inclusion thresholds; no alignment saved
[ok]
