# hmmsearch :: search profile(s) against a sequence database
# HMMER 3.3.2 (Nov 2020); http://hmmer.org/
# Copyright (C) 2020 Howard Hughes Medical Institute.
# Freely distributed under the BSD open source license.
# - - - - - - - - - - - - - - - - - - - - - - - - - - - - - - - - - - - -
# query HMM file:                  config/profileHMMs/tnaA.HMM
# target sequence database:        workflow/out/prodigal/proteinSeq/Bavariicoccus_seileri_prodigal.faa
# output directed to file:         workflow/out/tnaA/hmmer_output/Bavariicoccus_seileri_tnaA.hmm.out
# MSA of all hits saved to file:   workflow/out/tnaA/hmmer_output/Bavariicoccus_seileri_tnaA.sto
# per-dom hits tabular output:     workflow/out/tnaA/hmmer_output/Bavariicoccus_seileri_tnaA.domtblout
# - - - - - - - - - - - - - - - - - - - - - - - - - - - - - - - - - - - -

Query:       tnaA_K01677_msa  [M=839]
Scores for complete sequences (score includes all domains):
   --- full sequence ---   --- best 1 domain ---    -#dom-
    E-value  score  bias    E-value  score  bias    exp  N  Sequence            Description
    ------- ------ -----    ------- ------ -----   ---- --  --------            -----------
  ------ inclusion threshold ------
       0.02   10.6   0.0      0.031   10.0   0.0    1.1  1  NZ_ATXL01000025.1_8  # 5915 # 6943 # -1 # ID=85_8;partial=00;


Domain annotation for each sequence (and alignments):
>> NZ_ATXL01000025.1_8  # 5915 # 6943 # -1 # ID=85_8;partial=00;start_type=TTG;rbs_motif=AGGAG/GGAGG;rbs_spacer=11-12bp;
   #    score  bias  c-Evalue  i-Evalue hmmfrom  hmm to    alifrom  ali to    envfrom  env to     acc
 ---   ------ ----- --------- --------- ------- -------    ------- -------    ------- -------    ----
   1 ?   10.0   0.0   1.4e-05     0.031     205     225 ..     156     176 ..     154     178 .. 0.90

  Alignments for each domain:
  == domain 1  score: 10.0 bits;  conditional E-value: 1.4e-05
      tnaA_K01677_msa 205 lravaeiakkygipvvlDaAR 225
                          l + + i+k+y+ip+++D AR
  NZ_ATXL01000025.1_8 156 LTELSTICKSYDIPLFMDGAR 176
                          67899***************9 PP



Internal pipeline statistics summary:
-------------------------------------
Query model(s):                            1  (839 nodes)
Target sequences:                       2135  (632368 residues searched)
Passed MSV filter:                        87  (0.0407494); expected 42.7 (0.02)
Passed bias filter:                       46  (0.0215457); expected 42.7 (0.02)
Passed Vit filter:                         4  (0.00187354); expected 2.1 (0.001)
Passed Fwd filter:                         1  (0.000468384); expected 0.0 (1e-05)
Initial search space (Z):               2135  [actual number of targets]
Domain search space  (domZ):               1  [number of targets reported over threshold]
# CPU time: 0.03u 0.00s 00:00:00.03 Elapsed: 00:00:00.02
# Mc/sec: 24135.02
//
# No hits satisfy inclusion thresholds; no alignment saved
[ok]
