# hmmsearch :: search profile(s) against a sequence database
# HMMER 3.3.2 (Nov 2020); http://hmmer.org/
# Copyright (C) 2020 Howard Hughes Medical Institute.
# Freely distributed under the BSD open source license.
# - - - - - - - - - - - - - - - - - - - - - - - - - - - - - - - - - - - -
# query HMM file:                  config/profileHMMs/tnaA.HMM
# target sequence database:        workflow/out/prodigal/proteinSeq/Bifidobacterium_longum_prodigal.faa
# output directed to file:         workflow/out/tnaA/hmmer_output/Bifidobacterium_longum_tnaA.hmm.out
# MSA of all hits saved to file:   workflow/out/tnaA/hmmer_output/Bifidobacterium_longum_tnaA.sto
# per-dom hits tabular output:     workflow/out/tnaA/hmmer_output/Bifidobacterium_longum_tnaA.domtblout
# - - - - - - - - - - - - - - - - - - - - - - - - - - - - - - - - - - - -

Query:       tnaA_K01677_msa  [M=839]
Scores for complete sequences (score includes all domains):
   --- full sequence ---   --- best 1 domain ---    -#dom-
    E-value  score  bias    E-value  score  bias    exp  N  Sequence Description
    ------- ------ -----    ------- ------ -----   ---- --  -------- -----------

   [No hits detected that satisfy reporting thresholds]


Domain annotation for each sequence (and alignments):

   [No targets detected that satisfy reporting thresholds]


Internal pipeline statistics summary:
-------------------------------------
Query model(s):                            1  (839 nodes)
Target sequences:                       1952  (693969 residues searched)
Passed MSV filter:                        74  (0.0379098); expected 39.0 (0.02)
Passed bias filter:                       47  (0.0240779); expected 39.0 (0.02)
Passed Vit filter:                         6  (0.00307377); expected 2.0 (0.001)
Passed Fwd filter:                         0  (0); expected 0.0 (1e-05)
Initial search space (Z):               1952  [actual number of targets]
Domain search space  (domZ):               0  [number of targets reported over threshold]
# CPU time: 0.04u 0.00s 00:00:00.04 Elapsed: 00:00:00.02
# Mc/sec: 27951.27
//
# No hits satisfy inclusion thresholds; no alignment saved
[ok]
