# hmmsearch :: search profile(s) against a sequence database
# HMMER 3.3.2 (Nov 2020); http://hmmer.org/
# Copyright (C) 2020 Howard Hughes Medical Institute.
# Freely distributed under the BSD open source license.
# - - - - - - - - - - - - - - - - - - - - - - - - - - - - - - - - - - - -
# query HMM file:                  config/profileHMMs/tnaA.HMM
# target sequence database:        workflow/out/prodigal/proteinSeq/Parabacteroides-johnsonii-DSM-18315-MAF-2_prodigal.faa
# output directed to file:         workflow/out/tnaA/hmmer_output/Parabacteroides-johnsonii-DSM-18315-MAF-2_tnaA.hmm.out
# MSA of all hits saved to file:   workflow/out/tnaA/hmmer_output/Parabacteroides-johnsonii-DSM-18315-MAF-2_tnaA.sto
# per-dom hits tabular output:     workflow/out/tnaA/hmmer_output/Parabacteroides-johnsonii-DSM-18315-MAF-2_tnaA.domtblout
# - - - - - - - - - - - - - - - - - - - - - - - - - - - - - - - - - - - -

Query:       tnaA_K01677_msa  [M=839]
Scores for complete sequences (score includes all domains):
   --- full sequence ---   --- best 1 domain ---    -#dom-
    E-value  score  bias    E-value  score  bias    exp  N  Sequence Description
    ------- ------ -----    ------- ------ -----   ---- --  -------- -----------

   [No hits detected that satisfy reporting thresholds]


Domain annotation for each sequence (and alignments):

   [No targets detected that satisfy reporting thresholds]


Internal pipeline statistics summary:
-------------------------------------
Query model(s):                            1  (839 nodes)
Target sequences:                       3895  (1425552 residues searched)
Passed MSV filter:                       147  (0.0377407); expected 77.9 (0.02)
Passed bias filter:                       81  (0.0207959); expected 77.9 (0.02)
Passed Vit filter:                         6  (0.00154044); expected 3.9 (0.001)
Passed Fwd filter:                         0  (0); expected 0.0 (1e-05)
Initial search space (Z):               3895  [actual number of targets]
Domain search space  (domZ):               0  [number of targets reported over threshold]
# CPU time: 0.07u 0.00s 00:00:00.07 Elapsed: 00:00:00.03
# Mc/sec: 30201.12
//
# No hits satisfy inclusion thresholds; no alignment saved
[ok]
