# hmmsearch :: search profile(s) against a sequence database
# HMMER 3.3.2 (Nov 2020); http://hmmer.org/
# Copyright (C) 2020 Howard Hughes Medical Institute.
# Freely distributed under the BSD open source license.
# - - - - - - - - - - - - - - - - - - - - - - - - - - - - - - - - - - - -
# query HMM file:                  config/profileHMMs/tnaA.HMM
# target sequence database:        workflow/out/prodigal/proteinSeq/Streptococcus_hyovaginalis_prodigal.faa
# output directed to file:         workflow/out/tnaA/hmmer_output/Streptococcus_hyovaginalis_tnaA.hmm.out
# MSA of all hits saved to file:   workflow/out/tnaA/hmmer_output/Streptococcus_hyovaginalis_tnaA.sto
# per-dom hits tabular output:     workflow/out/tnaA/hmmer_output/Streptococcus_hyovaginalis_tnaA.domtblout
# - - - - - - - - - - - - - - - - - - - - - - - - - - - - - - - - - - - -

Query:       tnaA_K01677_msa  [M=839]
Scores for complete sequences (score includes all domains):
   --- full sequence ---   --- best 1 domain ---    -#dom-
    E-value  score  bias    E-value  score  bias    exp  N  Sequence Description
    ------- ------ -----    ------- ------ -----   ---- --  -------- -----------

   [No hits detected that satisfy reporting thresholds]


Domain annotation for each sequence (and alignments):

   [No targets detected that satisfy reporting thresholds]


Internal pipeline statistics summary:
-------------------------------------
Query model(s):                            1  (839 nodes)
Target sequences:                       2060  (598707 residues searched)
Passed MSV filter:                       101  (0.0490291); expected 41.2 (0.02)
Passed bias filter:                       35  (0.0169903); expected 41.2 (0.02)
Passed Vit filter:                         7  (0.00339806); expected 2.1 (0.001)
Passed Fwd filter:                         1  (0.000485437); expected 0.0 (1e-05)
Initial search space (Z):               2060  [actual number of targets]
Domain search space  (domZ):               0  [number of targets reported over threshold]
# CPU time: 0.07u 0.01s 00:00:00.08 Elapsed: 00:00:00.06
# Mc/sec: 7227.59
//
# No hits satisfy inclusion thresholds; no alignment saved
[ok]
