# hmmsearch :: search profile(s) against a sequence database
# HMMER 3.3.2 (Nov 2020); http://hmmer.org/
# Copyright (C) 2020 Howard Hughes Medical Institute.
# Freely distributed under the BSD open source license.
# - - - - - - - - - - - - - - - - - - - - - - - - - - - - - - - - - - - -
# query HMM file:                  config/profileHMMs/tnaA.HMM
# target sequence database:        workflow/out/prodigal/proteinSeq/Streptococcus_parasanguinis_prodigal.faa
# output directed to file:         workflow/out/tnaA/hmmer_output/Streptococcus_parasanguinis_tnaA.hmm.out
# MSA of all hits saved to file:   workflow/out/tnaA/hmmer_output/Streptococcus_parasanguinis_tnaA.sto
# per-dom hits tabular output:     workflow/out/tnaA/hmmer_output/Streptococcus_parasanguinis_tnaA.domtblout
# - - - - - - - - - - - - - - - - - - - - - - - - - - - - - - - - - - - -

Query:       tnaA_K01677_msa  [M=839]
Scores for complete sequences (score includes all domains):
   --- full sequence ---   --- best 1 domain ---    -#dom-
    E-value  score  bias    E-value  score  bias    exp  N  Sequence Description
    ------- ------ -----    ------- ------ -----   ---- --  -------- -----------

   [No hits detected that satisfy reporting thresholds]


Domain annotation for each sequence (and alignments):

   [No targets detected that satisfy reporting thresholds]


Internal pipeline statistics summary:
-------------------------------------
Query model(s):                            1  (839 nodes)
Target sequences:                       2072  (644527 residues searched)
Passed MSV filter:                       116  (0.0559846); expected 41.4 (0.02)
Passed bias filter:                       51  (0.0246139); expected 41.4 (0.02)
Passed Vit filter:                         3  (0.00144788); expected 2.1 (0.001)
Passed Fwd filter:                         0  (0); expected 0.0 (1e-05)
Initial search space (Z):               2072  [actual number of targets]
Domain search space  (domZ):               0  [number of targets reported over threshold]
# CPU time: 0.03u 0.00s 00:00:00.03 Elapsed: 00:00:00.03
# Mc/sec: 15858.57
//
# No hits satisfy inclusion thresholds; no alignment saved
[ok]
