# hmmsearch :: search profile(s) against a sequence database
# HMMER 3.3.2 (Nov 2020); http://hmmer.org/
# Copyright (C) 2020 Howard Hughes Medical Institute.
# Freely distributed under the BSD open source license.
# - - - - - - - - - - - - - - - - - - - - - - - - - - - - - - - - - - - -
# query HMM file:                  config/profileHMMs/tnaA.HMM
# target sequence database:        workflow/out/prodigal/proteinSeq/Subdoligranulum-variabile-DSM-15176-MAF-2_prodigal.faa
# output directed to file:         workflow/out/tnaA/hmmer_output/Subdoligranulum-variabile-DSM-15176-MAF-2_tnaA.hmm.out
# MSA of all hits saved to file:   workflow/out/tnaA/hmmer_output/Subdoligranulum-variabile-DSM-15176-MAF-2_tnaA.sto
# per-dom hits tabular output:     workflow/out/tnaA/hmmer_output/Subdoligranulum-variabile-DSM-15176-MAF-2_tnaA.domtblout
# - - - - - - - - - - - - - - - - - - - - - - - - - - - - - - - - - - - -

Query:       tnaA_K01677_msa  [M=839]
Scores for complete sequences (score includes all domains):
   --- full sequence ---   --- best 1 domain ---    -#dom-
    E-value  score  bias    E-value  score  bias    exp  N  Sequence Description
    ------- ------ -----    ------- ------ -----   ---- --  -------- -----------

   [No hits detected that satisfy reporting thresholds]


Domain annotation for each sequence (and alignments):

   [No targets detected that satisfy reporting thresholds]


Internal pipeline statistics summary:
-------------------------------------
Query model(s):                            1  (839 nodes)
Target sequences:                       2961  (969825 residues searched)
Passed MSV filter:                       101  (0.0341101); expected 59.2 (0.02)
Passed bias filter:                       58  (0.019588); expected 59.2 (0.02)
Passed Vit filter:                         7  (0.00236407); expected 3.0 (0.001)
Passed Fwd filter:                         0  (0); expected 0.0 (1e-05)
Initial search space (Z):               2961  [actual number of targets]
Domain search space  (domZ):               0  [number of targets reported over threshold]
# CPU time: 0.05u 0.00s 00:00:00.05 Elapsed: 00:00:00.03
# Mc/sec: 23587.02
//
# No hits satisfy inclusion thresholds; no alignment saved
[ok]
