# hmmsearch :: search profile(s) against a sequence database
# HMMER 3.3.2 (Nov 2020); http://hmmer.org/
# Copyright (C) 2020 Howard Hughes Medical Institute.
# Freely distributed under the BSD open source license.
# - - - - - - - - - - - - - - - - - - - - - - - - - - - - - - - - - - - -
# query HMM file:                  config/profileHMMs/cysKcustom.HMM
# target sequence database:        workflow/out/prodigal/proteinSeq/Porphyromonas_asaccharolytica_prodigal.faa
# output directed to file:         workflow/out/cysKcustom/hmmer_output/Porphyromonas_asaccharolytica_cysKcustom.hmm.out
# MSA of all hits saved to file:   workflow/out/cysKcustom/hmmer_output/Porphyromonas_asaccharolytica_cysKcustom.sto
# per-dom hits tabular output:     workflow/out/cysKcustom/hmmer_output/Porphyromonas_asaccharolytica_cysKcustom.domtblout
# - - - - - - - - - - - - - - - - - - - - - - - - - - - - - - - - - - - -

Query:       cysK_K01738_msa  [M=462]
Scores for complete sequences (score includes all domains):
   --- full sequence ---   --- best 1 domain ---    -#dom-
    E-value  score  bias    E-value  score  bias    exp  N  Sequence Description
    ------- ------ -----    ------- ------ -----   ---- --  -------- -----------

   [No hits detected that satisfy reporting thresholds]


Domain annotation for each sequence (and alignments):

   [No targets detected that satisfy reporting thresholds]


Internal pipeline statistics summary:
-------------------------------------
Query model(s):                            1  (462 nodes)
Target sequences:                       1731  (638119 residues searched)
Passed MSV filter:                        56  (0.0323512); expected 34.6 (0.02)
Passed bias filter:                       48  (0.0277296); expected 34.6 (0.02)
Passed Vit filter:                         4  (0.0023108); expected 1.7 (0.001)
Passed Fwd filter:                         0  (0); expected 0.0 (1e-05)
Initial search space (Z):               1731  [actual number of targets]
Domain search space  (domZ):               0  [number of targets reported over threshold]
# CPU time: 0.02u 0.00s 00:00:00.02 Elapsed: 00:00:00.01
# Mc/sec: 22900.32
//
# No hits satisfy inclusion thresholds; no alignment saved
[ok]
