# hmmsearch :: search profile(s) against a sequence database
# HMMER 3.3.2 (Nov 2020); http://hmmer.org/
# Copyright (C) 2020 Howard Hughes Medical Institute.
# Freely distributed under the BSD open source license.
# - - - - - - - - - - - - - - - - - - - - - - - - - - - - - - - - - - - -
# query HMM file:                  config/profileHMMs/metCcustom.HMM
# target sequence database:        workflow/out/prodigal/proteinSeq/Lactobacillus_gasseri_prodigal.faa
# output directed to file:         workflow/out/metCcustom/hmmer_output/Lactobacillus_gasseri_metCcustom.hmm.out
# MSA of all hits saved to file:   workflow/out/metCcustom/hmmer_output/Lactobacillus_gasseri_metCcustom.sto
# per-dom hits tabular output:     workflow/out/metCcustom/hmmer_output/Lactobacillus_gasseri_metCcustom.domtblout
# - - - - - - - - - - - - - - - - - - - - - - - - - - - - - - - - - - - -

Query:       metC_K01760_msa  [M=479]
Scores for complete sequences (score includes all domains):
   --- full sequence ---   --- best 1 domain ---    -#dom-
    E-value  score  bias    E-value  score  bias    exp  N  Sequence Description
    ------- ------ -----    ------- ------ -----   ---- --  -------- -----------

   [No hits detected that satisfy reporting thresholds]


Domain annotation for each sequence (and alignments):

   [No targets detected that satisfy reporting thresholds]


Internal pipeline statistics summary:
-------------------------------------
Query model(s):                            1  (479 nodes)
Target sequences:                       1809  (566218 residues searched)
Passed MSV filter:                        72  (0.039801); expected 36.2 (0.02)
Passed bias filter:                       53  (0.029298); expected 36.2 (0.02)
Passed Vit filter:                         7  (0.00386954); expected 1.8 (0.001)
Passed Fwd filter:                         0  (0); expected 0.0 (1e-05)
Initial search space (Z):               1809  [actual number of targets]
Domain search space  (domZ):               0  [number of targets reported over threshold]
# CPU time: 0.03u 0.00s 00:00:00.03 Elapsed: 00:00:00.01
# Mc/sec: 15774.56
//
# No hits satisfy inclusion thresholds; no alignment saved
[ok]
