# hmmsearch :: search profile(s) against a sequence database
# HMMER 3.3.2 (Nov 2020); http://hmmer.org/
# Copyright (C) 2020 Howard Hughes Medical Institute.
# Freely distributed under the BSD open source license.
# - - - - - - - - - - - - - - - - - - - - - - - - - - - - - - - - - - - -
# query HMM file:                  config/profileHMMs/lcdcustom.HMM
# target sequence database:        workflow/out/prodigal/proteinSeq/Anaerobutyricum_hallii_prodigal.faa
# output directed to file:         workflow/out/lcdcustom/hmmer_output/Anaerobutyricum_hallii_lcdcustom.hmm.out
# MSA of all hits saved to file:   workflow/out/lcdcustom/hmmer_output/Anaerobutyricum_hallii_lcdcustom.sto
# per-dom hits tabular output:     workflow/out/lcdcustom/hmmer_output/Anaerobutyricum_hallii_lcdcustom.domtblout
# - - - - - - - - - - - - - - - - - - - - - - - - - - - - - - - - - - - -

Query:       lcd_K22207_msa  [M=523]
Scores for complete sequences (score includes all domains):
   --- full sequence ---   --- best 1 domain ---    -#dom-
    E-value  score  bias    E-value  score  bias    exp  N  Sequence             Description
    ------- ------ -----    ------- ------ -----   ---- --  --------             -----------
    2.1e-13   47.3   0.0    9.9e-13   45.0   0.0    1.9  1  NZ_QSID01000008.1_59  # 69617 # 70753 # 1 # ID=33_59;partial=
      2e-10   37.4   0.0    1.1e-09   35.0   0.0    1.9  1  NZ_QSID01000001.1_48  # 61997 # 63130 # -1 # ID=1_48;partial=
    3.1e-08   30.2   0.4    5.2e-08   29.5   0.4    1.4  1  NZ_QSID01000001.1_20  # 23979 # 25166 # 1 # ID=1_20;partial=0
    2.6e-05   20.5   0.0    0.00073   15.8   0.0    2.1  2  NZ_QSID01000017.1_7   # 7219 # 8409 # -1 # ID=9_7;partial=00;


Domain annotation for each sequence (and alignments):
>> NZ_QSID01000008.1_59  # 69617 # 70753 # 1 # ID=33_59;partial=00;start_type=GTG;rbs_motif=AGGAGG;rbs_spacer=5-10bp;gc_
   #    score  bias  c-Evalue  i-Evalue hmmfrom  hmm to    alifrom  ali to    envfrom  env to     acc
 ---   ------ ----- --------- --------- ------- -------    ------- -------    ------- -------    ----
   1 !   45.0   0.0   1.3e-15   9.9e-13     132     481 ..      45     376 ..      36     378 .. 0.85

  Alignments for each domain:
  == domain 1  score: 45.0 bits;  conditional E-value: 1.3e-15
        lcd_K22207_msa 132 gilesrtaikdlinaddvdevslvdNattAaaivLqqvawsfaegkfqkgDavlmlhyaYgaVkksieayvtraggsvievelpfpvks 220
                            ++e+r++i++++n d +++v+++ Nat A ++ +         g +q+gD v+++ +  ++V + +  y++++ g  +++   +pv +
  NZ_QSID01000008.1_59  45 MVYETREMINEFFNGDGSEQVAFMSNATEALNTAID--------GMLQPGDHVITTAMEHNSVLRPL--YLKEQQGVALTI---LPVGE 120
                           67899****************************998........668****************9765..778888776654...89999 PP

        lcd_K22207_msa 221 neeivse.frkaLekgkangrkvrlAviDHitSmpsvvlPVkeLvkicreegvdqvfVDaAhaiGqvevdvkeigAdfYtsNlHKWffc 308
                           +  i se f++a++       +    v  H + ++   l   ++ ++c+++g  + +VDa ++ G +++d+++++ d      HK +f 
  NZ_QSID01000008.1_59 121 DGTISSEaFEEAIRP------DTEAIVCTHASNVTGTALNLYRIGEACKRHGL-HFIVDASQSAGILPIDIQAMNIDALCFTGHKGLFG 202
                           999987526666555......78899***************************.9*******************999999999****** PP

        lcd_K22207_msa 309 PpsvAfLyvrkska.sdlhh...pvVsheygnglai...esawiGtrDysaqlvvpavleFvnrfeggiegirkrnhelvvemgemLae 390
                           P++++ L+ +k  + + l++       h++++  ++   e +  Gt        ++a le++++   g+e++ +r   l     e + +
  NZ_QSID01000008.1_59 203 PQGTGGLCLKKGVTiRPLKSggsG--IHSFDKEQPHsmpELLEAGTINAHGIAGLKAGLEYIQQ--EGLERLYTREALLTKTFYEGVRR 287
                           ***********7444555554322..35554433331128889*******************99..7********************** PP

        lcd_K22207_msa 391 awgtelgsppemcasmimVgLPaklgissdedalkLrthLreefkvevpi..yyrapk.ege.veaitgYvRiShqvYnkvddyyklrd 475
                             g ++    +  +   +V L     i  +eda k+ ++L+e++++ +    ++ ap  ++   ++  g vR S   +n++++     +
  NZ_QSID01000008.1_59 288 IDGVKVYGNFDQEKRAPLVALN----I-RNEDAGKVSEILWEDYGIATRAgaHC-APLmHETlRTTEQGVVRFSFSSFNTMEEIKTAIE 370
                           *****99999999999999998....4.6679***************9985344.4542333234488*****************9999 PP

        lcd_K22207_msa 476 avnqlv 481
                           a+++l+
  NZ_QSID01000008.1_59 371 AIRELA 376
                           999997 PP

>> NZ_QSID01000001.1_48  # 61997 # 63130 # -1 # ID=1_48;partial=00;start_type=ATG;rbs_motif=GGAG/GAGG;rbs_spacer=5-10bp;
   #    score  bias  c-Evalue  i-Evalue hmmfrom  hmm to    alifrom  ali to    envfrom  env to     acc
 ---   ------ ----- --------- --------- ------- -------    ------- -------    ------- -------    ----
   1 !   35.0   0.0   1.4e-12   1.1e-09     131     479 ..      44     374 ..      38     377 .. 0.73

  Alignments for each domain:
  == domain 1  score: 35.0 bits;  conditional E-value: 1.4e-12
        lcd_K22207_msa 131 kgilesrtaikdlinaddvdevslvdNattAaaivLqqvawsfaegkfqkgDavlmlhyaYgaVkksieayvtraggsvievelpfpvk 219
                           + ++e+r++i+d+++ +++d+v ++ N t A +i +         g++ kgD ++ +++  ++V + + + ++++g+s     l f  +
  NZ_QSID01000001.1_48  44 RTVYETRKKIADFFHCSRADHVIFTSNSTEALNIAIC--------GTLGKGDHIISTDLEHNSVLRPLYH-LEEQGAS-----LTFLSA 118
                           568899****************************998........6789****************99988.7999998.....99*999 PP

        lcd_K22207_msa 220 sneeivsefrkaLekgkangrkvrlAviDHitSmpsvvlPVkeLvkicreegvdqvfVDaAhaiGqvevdvkeigAdfYtsNlHKWffc 308
                           +++  ++  +++ +  ++ + + +  v  H +  +  vl ++++ +i ++++    +VDa ++ G++e++++ ++ d      HK +  
  NZ_QSID01000001.1_48 119 NKKGCIDY-DDF-K--RSIKPNTKAIVCTHASNLTGNVLDIERIGRIAKAHNL-LFIVDASQSAGCIEINMETMNIDILCFTGHKGLLG 202
                           99999974.333.2..345679999****************************.89********************************* PP

        lcd_K22207_msa 309 PpsvAfLyvrks.kasdlhh.pvVsheygnglaiesa...wiGtrDysaqlvvpavleFvnrfeggiegirkrnhelvvemgemLaeaw 392
                           P++++ L++++s + +  +h     h+y++g ++        Gt        +  +++++n +   i  i k  +el+ +  + +++  
  NZ_QSID01000001.1_48 203 PQGTGGLCIHESvEIRPFKHgGSGIHSYEKGQPQAYParlEAGTLNSHGIAGLCVAINYINTI--TIPVIAKKEQELLWHFYKGICNIP 289
                           **********98444666663333577777766554322256666666666666666666666..466666666666666666666666 PP

        lcd_K22207_msa 393 gtelgsppemcasmimVgLPaklgissdedalkLrthLreefkvevpi.yyrapk.egevea.itgYvRiShqvYnkvddyyklrdavn 478
                           + ++    +     ++  L     i +  d  ++ ++L +e+++ +    + ap+ ++ +++  tg vR S   +n++++++   +a +
  NZ_QSID01000001.1_48 290 EIHIYGDFDTKERAAILSLN----I-EGYDSGTVSDLLSQEYDIATRPgAHCAPRmHQALGTtETGAVRFSFSSFNTMEEVETAIQALK 373
                           66665555555555555555....2.444555666666666666654322224442222222356666666666666666665555555 PP

        lcd_K22207_msa 479 q 479
                           +
  NZ_QSID01000001.1_48 374 E 374
                           5 PP

>> NZ_QSID01000001.1_20  # 23979 # 25166 # 1 # ID=1_20;partial=00;start_type=ATG;rbs_motif=GGAG/GAGG;rbs_spacer=5-10bp;g
   #    score  bias  c-Evalue  i-Evalue hmmfrom  hmm to    alifrom  ali to    envfrom  env to     acc
 ---   ------ ----- --------- --------- ------- -------    ------- -------    ------- -------    ----
   1 !   29.5   0.4     7e-11   5.2e-08     239     319 ..     138     216 ..      12     223 .. 0.69

  Alignments for each domain:
  == domain 1  score: 29.5 bits;  conditional E-value: 7e-11
        lcd_K22207_msa 239 grkvrlAviDHitSmpsvvlPVkeLvkicreegvdqvfVDaAhaiGqvevdvkeigAdfYtsNlHKWffcPpsvAfLyvrk 319
                            ++  l+ i +       + P+ e+ kic+e+ v +   Da +a+G+v+v+v++ + d      HK f  P+++++Lyvrk
  NZ_QSID01000001.1_20 138 REDTALVTIMYANNEIGTLQPIDEIAKICKEKKV-TFHTDAVQAVGHVPVNVHAQNIDMLSLSGHK-FHGPKGIGVLYVRK 216
                           44666666777777777788**************.899****************************.89***********9 PP

>> NZ_QSID01000017.1_7  # 7219 # 8409 # -1 # ID=9_7;partial=00;start_type=ATG;rbs_motif=GGAG/GAGG;rbs_spacer=5-10bp;gc_c
   #    score  bias  c-Evalue  i-Evalue hmmfrom  hmm to    alifrom  ali to    envfrom  env to     acc
 ---   ------ ----- --------- --------- ------- -------    ------- -------    ------- -------    ----
   1 !    2.6   0.0    0.0095       7.1     129     202 ..      43     110 ..      22     123 .. 0.72
   2 !   15.8   0.0   9.7e-07   0.00073     276     320 ..     174     217 ..     156     227 .. 0.83

  Alignments for each domain:
  == domain 1  score: 2.6 bits;  conditional E-value: 0.0095
       lcd_K22207_msa 129 lkkgilesrtaikdlinaddvdevslvdNattAaaivLqqvawsfaegkfqkgDavlmlhyaYgaVkksieayv 202
                           +  i++ r++i++ +na+ ++e+ ++   t   +  ++++a   +    +kg  +++ ++  +a+ +s++ y+
  NZ_QSID01000017.1_7  43 NRGMIENVREQIAKTLNAS-AEEIYFTSGGTESDNWAIKAAAQMLK----EKGRHIITSKIEHHAILNSCA-YL 110
                          45678999*********99.79*****9999966666665554444....556666666666666666653.34 PP

  == domain 2  score: 15.8 bits;  conditional E-value: 9.7e-07
       lcd_K22207_msa 276 fVDaAhaiGqvevdvkeigAdfYtsNlHKWffcPpsvAfLyvrks 320
                            Da +a Gq+ +dvk+ + d   +  HK f  P++v+fLy+rk+
  NZ_QSID01000017.1_7 174 HTDAVQAYGQLLIDVKKENIDLLSASAHK-FNGPKGVGFLYIRKK 217
                          469**************************.89***********95 PP



Internal pipeline statistics summary:
-------------------------------------
Query model(s):                            1  (523 nodes)
Target sequences:                       3005  (949491 residues searched)
Passed MSV filter:                       143  (0.0475874); expected 60.1 (0.02)
Passed bias filter:                       99  (0.0329451); expected 60.1 (0.02)
Passed Vit filter:                         8  (0.00266223); expected 3.0 (0.001)
Passed Fwd filter:                         4  (0.00133111); expected 0.0 (1e-05)
Initial search space (Z):               3005  [actual number of targets]
Domain search space  (domZ):               4  [number of targets reported over threshold]
# CPU time: 0.07u 0.01s 00:00:00.08 Elapsed: 00:00:00.04
# Mc/sec: 12332.63
//
# Alignment of 5 hits satisfying inclusion thresholds saved to: workflow/out/lcdcustom/hmmer_output/Anaerobutyricum_hallii_lcdcustom.sto
[ok]
