# hmmsearch :: search profile(s) against a sequence database
# HMMER 3.3.2 (Nov 2020); http://hmmer.org/
# Copyright (C) 2020 Howard Hughes Medical Institute.
# Freely distributed under the BSD open source license.
# - - - - - - - - - - - - - - - - - - - - - - - - - - - - - - - - - - - -
# query HMM file:                  config/profileHMMs/lcdcustom.HMM
# target sequence database:        workflow/out/prodigal/proteinSeq/Bifidobacterium_adolescentis_prodigal.faa
# output directed to file:         workflow/out/lcdcustom/hmmer_output/Bifidobacterium_adolescentis_lcdcustom.hmm.out
# MSA of all hits saved to file:   workflow/out/lcdcustom/hmmer_output/Bifidobacterium_adolescentis_lcdcustom.sto
# per-dom hits tabular output:     workflow/out/lcdcustom/hmmer_output/Bifidobacterium_adolescentis_lcdcustom.domtblout
# - - - - - - - - - - - - - - - - - - - - - - - - - - - - - - - - - - - -

Query:       lcd_K22207_msa  [M=523]
Scores for complete sequences (score includes all domains):
   --- full sequence ---   --- best 1 domain ---    -#dom-
    E-value  score  bias    E-value  score  bias    exp  N  Sequence          Description
    ------- ------ -----    ------- ------ -----   ---- --  --------          -----------
    1.7e-09   33.6   0.0    2.2e-08   30.0   0.0    2.1  2  NZ_CP028341.1_808  # 953266 # 954540 # 1 # ID=1_808;partial=0


Domain annotation for each sequence (and alignments):
>> NZ_CP028341.1_808  # 953266 # 954540 # 1 # ID=1_808;partial=00;start_type=ATG;rbs_motif=GGA/GAG/AGG;rbs_spacer=11-12b
   #    score  bias  c-Evalue  i-Evalue hmmfrom  hmm to    alifrom  ali to    envfrom  env to     acc
 ---   ------ ----- --------- --------- ------- -------    ------- -------    ------- -------    ----
   1 !   30.0   0.0   1.2e-11   2.2e-08     122     320 ..      57     255 ..       5     279 .. 0.75
   2 !    1.1   0.0    0.0066        12     453     479 ..     390     416 ..     367     418 .. 0.72

  Alignments for each domain:
  == domain 1  score: 30.0 bits;  conditional E-value: 1.2e-11
     lcd_K22207_msa 122 defyfnelkkgilesrtaikdlinadd...vdevslvdNattAaaivLqqvaw........sfaegkfqkgDavlmlhyaYgaVkksieayv 202
                         +    + + +++ +r+++++l++ad+    +e++++  at++ +    +++         + ++  +++gD +++++   ++V   +++++
  NZ_CP028341.1_808  57 AHELAARSTMAFEDARAKVAKLVGADSaegEEEIVVTAGATAGLNLLATAFGNaslgrggeAAKRFALKPGDEIVVTKAEHHSVLLPFQELA 148
                        444555556677899*********99966678**********777666655541111111144555679*********************** PP

     lcd_K22207_msa 203 traggsvievelpfpvksneeivsefrkaLekgkangrkvrlAviDHitSmpsvvlPVkeLvkicreegvdqvfVDaAhaiGqvevdvkeig 294
                         r g+++      f + ++ ++ s   +   +      + +++ + H+  ++  +   + +++  +e g    ++Da +++ +++vd+++++
  NZ_CP028341.1_808 149 LRTGATLKW----FDLDEEGRVRSDTANEVIT-----DRTKIVAVTHVGNTTGAITDTAPIIRRAHEVGA-VFVLDACQSVPHLKVDFHALD 230
                        *****9654....5555555555555444444.....6899999******************99999998.5556***************** PP

     lcd_K22207_msa 295 AdfYtsNlHKWffcPpsvAfLyvrks 320
                        +df +   HK ++ P +v+fLy +++
  NZ_CP028341.1_808 231 VDFAAWSAHK-MYGPTGVGFLYGKRE 255
                        **********.9**********9983 PP

  == domain 2  score: 1.1 bits;  conditional E-value: 0.0066
     lcd_K22207_msa 453 itgYvRiShqvYnkvddyyklrdavnq 479
                        + +  R S  +Yn v+d ++l +a  +
  NZ_CP028341.1_808 390 VYASNRASSGIYNSVEDAQALIEALGK 416
                        5556799*************9999765 PP



Internal pipeline statistics summary:
-------------------------------------
Query model(s):                            1  (523 nodes)
Target sequences:                       1798  (645977 residues searched)
Passed MSV filter:                        57  (0.0317019); expected 36.0 (0.02)
Passed bias filter:                       44  (0.0244716); expected 36.0 (0.02)
Passed Vit filter:                         7  (0.00389321); expected 1.8 (0.001)
Passed Fwd filter:                         1  (0.000556174); expected 0.0 (1e-05)
Initial search space (Z):               1798  [actual number of targets]
Domain search space  (domZ):               1  [number of targets reported over threshold]
# CPU time: 0.03u 0.00s 00:00:00.03 Elapsed: 00:00:00.02
# Mc/sec: 13208.39
//
# Alignment of 2 hits satisfying inclusion thresholds saved to: workflow/out/lcdcustom/hmmer_output/Bifidobacterium_adolescentis_lcdcustom.sto
[ok]
