# hmmsearch :: search profile(s) against a sequence database
# HMMER 3.3.2 (Nov 2020); http://hmmer.org/
# Copyright (C) 2020 Howard Hughes Medical Institute.
# Freely distributed under the BSD open source license.
# - - - - - - - - - - - - - - - - - - - - - - - - - - - - - - - - - - - -
# query HMM file:                  config/profileHMMs/lcdcustom.HMM
# target sequence database:        workflow/out/prodigal/proteinSeq/Bifidobacterium_animalis_prodigal.faa
# output directed to file:         workflow/out/lcdcustom/hmmer_output/Bifidobacterium_animalis_lcdcustom.hmm.out
# MSA of all hits saved to file:   workflow/out/lcdcustom/hmmer_output/Bifidobacterium_animalis_lcdcustom.sto
# per-dom hits tabular output:     workflow/out/lcdcustom/hmmer_output/Bifidobacterium_animalis_lcdcustom.domtblout
# - - - - - - - - - - - - - - - - - - - - - - - - - - - - - - - - - - - -

Query:       lcd_K22207_msa  [M=523]
Scores for complete sequences (score includes all domains):
   --- full sequence ---   --- best 1 domain ---    -#dom-
    E-value  score  bias    E-value  score  bias    exp  N  Sequence        Description
    ------- ------ -----    ------- ------ -----   ---- --  --------        -----------
    5.5e-10   35.0   0.0    2.3e-08   29.7   0.0    2.1  2  NC_017216.2_874  # 1051835 # 1053106 # -1 # ID=1_874;partial=


Domain annotation for each sequence (and alignments):
>> NC_017216.2_874  # 1051835 # 1053106 # -1 # ID=1_874;partial=00;start_type=ATG;rbs_motif=GGA/GAG/AGG;rbs_spacer=5-10b
   #    score  bias  c-Evalue  i-Evalue hmmfrom  hmm to    alifrom  ali to    envfrom  env to     acc
 ---   ------ ----- --------- --------- ------- -------    ------- -------    ------- -------    ----
   1 !   29.7   0.0   1.5e-11   2.3e-08     129     319 ..      64     254 ..       5     274 .. 0.78
   2 !    3.3   0.0    0.0015       2.3     453     479 ..     390     416 ..     366     419 .. 0.77

  Alignments for each domain:
  == domain 1  score: 29.7 bits;  conditional E-value: 1.5e-11
   lcd_K22207_msa 129 lkkgilesrtaikdlinadd...vdevslvdNattAaaivLqqvaws........faegkfqkgDavlmlhyaYgaVkksieayvtraggsvie 211
                       + +++++r+++++l++a+     +e +++  at + ++   +++ +         ++  +++gD +++     ++V   ++++++r g+++  
  NC_017216.2_874  64 STVAFEQARAKVATLVGASAeegNEELVVTMGATDGLNTLATAFGNAslgrggkvAERFALKPGDEIVVSRAEHHSVLLPFQELASRTGATLK- 156
                      455678899999999999875667788888889887777766655431111111122335799**************************9943. PP

   lcd_K22207_msa 212 velpfpvksneeivsefrkaLekgkangrkvrlAviDHitSmpsvvlPVkeLvkicreegvdqvfVDaAhaiGqvevdvkeigAdfYtsNlHKW 305
                          f + ++ +i s+  +   +     ++ +++ + H+  ++  +  ++ ++k  +e g    ++Da +++ +++vd++++++df +   HK 
  NC_017216.2_874 157 ---WFDLDDDGRILSNTADEVIT-----ERTKVVAVTHVGNVTGAITDIAPIIKRTHEVGG-VFILDACQSVPHIPVDFHALDVDFAVFSAHK- 240
                      ...589999999**999888777.....799999********************9999987.5677***************************. PP

   lcd_K22207_msa 306 ffcPpsvAfLyvrk 319
                      ++ P +v+fLy ++
  NC_017216.2_874 241 MYGPTGVGFLYGKR 254
                      9**********887 PP

  == domain 2  score: 3.3 bits;  conditional E-value: 0.0015
   lcd_K22207_msa 453 itgYvRiShqvYnkvddyyklrdavnq 479
                      + +  R S  +Yn+ +d ++l +av+ 
  NC_017216.2_874 390 VFASNRASSGIYNTPEDAQALVEAVEG 416
                      4566799*****************975 PP



Internal pipeline statistics summary:
-------------------------------------
Query model(s):                            1  (523 nodes)
Target sequences:                       1565  (561511 residues searched)
Passed MSV filter:                        59  (0.0376997); expected 31.3 (0.02)
Passed bias filter:                       47  (0.0300319); expected 31.3 (0.02)
Passed Vit filter:                         6  (0.00383387); expected 1.6 (0.001)
Passed Fwd filter:                         1  (0.000638978); expected 0.0 (1e-05)
Initial search space (Z):               1565  [actual number of targets]
Domain search space  (domZ):               1  [number of targets reported over threshold]
# CPU time: 0.03u 0.00s 00:00:00.03 Elapsed: 00:00:00.03
# Mc/sec: 8130.17
//
# Alignment of 2 hits satisfying inclusion thresholds saved to: workflow/out/lcdcustom/hmmer_output/Bifidobacterium_animalis_lcdcustom.sto
[ok]
