# hmmsearch :: search profile(s) against a sequence database
# HMMER 3.3.2 (Nov 2020); http://hmmer.org/
# Copyright (C) 2020 Howard Hughes Medical Institute.
# Freely distributed under the BSD open source license.
# - - - - - - - - - - - - - - - - - - - - - - - - - - - - - - - - - - - -
# query HMM file:                  config/profileHMMs/lcdcustom.HMM
# target sequence database:        workflow/out/prodigal/proteinSeq/Bifidobacterium_bifidum_prodigal.faa
# output directed to file:         workflow/out/lcdcustom/hmmer_output/Bifidobacterium_bifidum_lcdcustom.hmm.out
# MSA of all hits saved to file:   workflow/out/lcdcustom/hmmer_output/Bifidobacterium_bifidum_lcdcustom.sto
# per-dom hits tabular output:     workflow/out/lcdcustom/hmmer_output/Bifidobacterium_bifidum_lcdcustom.domtblout
# - - - - - - - - - - - - - - - - - - - - - - - - - - - - - - - - - - - -

Query:       lcd_K22207_msa  [M=523]
Scores for complete sequences (score includes all domains):
   --- full sequence ---   --- best 1 domain ---    -#dom-
    E-value  score  bias    E-value  score  bias    exp  N  Sequence              Description
    ------- ------ -----    ------- ------ -----   ---- --  --------              -----------
    6.6e-11   38.3   0.1    1.3e-08   30.8   0.0    2.2  2  NZ_AKCA01000001.1_642  # 789896 # 791167 # 1 # ID=1_642;parti
    4.1e-07   25.8   0.0    5.3e-07   25.4   0.0    1.2  1  NZ_AKCA01000001.1_405  # 516064 # 517341 # 1 # ID=1_405;parti


Domain annotation for each sequence (and alignments):
>> NZ_AKCA01000001.1_642  # 789896 # 791167 # 1 # ID=1_642;partial=00;start_type=ATG;rbs_motif=GGA/GAG/AGG;rbs_spacer=5-
   #    score  bias  c-Evalue  i-Evalue hmmfrom  hmm to    alifrom  ali to    envfrom  env to     acc
 ---   ------ ----- --------- --------- ------- -------    ------- -------    ------- -------    ----
   1 !   30.8   0.0   1.4e-11   1.3e-08     103     344 ..      35     274 ..       6     339 .. 0.77
   2 !    5.6   0.0   0.00057      0.52     455     480 ..     392     417 ..     365     419 .. 0.77

  Alignments for each domain:
  == domain 1  score: 30.8 bits;  conditional E-value: 1.4e-11
         lcd_K22207_msa 103 pasvleaqqrwqlkf...lrqPdefyfnelkkgilesrtaikdlinadd...vdevslvdNattAaaivLqqvaw........sfaeg 176
                            p++v++a +++ + +   ++   +    + + +++ +r+++++l++a+     +e++++  at++ +    +++         + ++ 
  NZ_AKCA01000001.1_642  35 PQCVIDAESEFYRTInagVHRGAHELAARSTMAFEDARAKVARLVGANAeegNEEIVVTAGATAGLNLLATAFGNaslgrggeAAKRF 122
                            6666666665554332223334455555556677889********998766689**********777666655541111111144455 PP

         lcd_K22207_msa 177 kfqkgDavlmlhyaYgaVkksieayvtraggsvievelpfpvksneeivsefrkaLekgkangrkvrlAviDHitSmpsvvlPVkeLv 264
                             +++gD +++ +   ++V   +++++ r g+++      f ++++ +i s   +   +     ++ +++ i H+  ++  +  ++ ++
  NZ_AKCA01000001.1_642 123 ALKPGDEIVVSKAEHHSVLLPFQELAYRTGATLK----WFDLTEDGRIRSDTADEVIT-----EHTKVVAITHVGNTTGAITDIAPII 201
                            679****************************944....58888899998888777666.....68999******************** PP

         lcd_K22207_msa 265 kicreegvdqvfVDaAhaiGqvevdvkeigAdfYtsNlHKWffcPpsvAfLyvrkskasdlhhpvVsheygnglaiesaw 344
                            +  +e g    ++Da +++ +++v+++++++df +   HK ++ P +v+fLy r+    +l + +   ++g g  +e aw
  NZ_AKCA01000001.1_642 202 RRAHEVGA-IFILDACQSVPHLKVNFHALDVDFAAWSAHK-MYGPTGVGFLYGRR----ELLEALPPANFG-GSMVELAW 274
                            *9999998.7778***************************.9**********999....444444455555.44455555 PP

  == domain 2  score: 5.6 bits;  conditional E-value: 0.00057
         lcd_K22207_msa 455 gYvRiShqvYnkvddyyklrdavnql 480
                            +  R S  vYn vdd ++l +av ++
  NZ_AKCA01000001.1_642 392 ASNRASSGVYNSVDDAHALVEAVAKV 417
                            45699******************986 PP

>> NZ_AKCA01000001.1_405  # 516064 # 517341 # 1 # ID=1_405;partial=00;start_type=ATG;rbs_motif=GGA/GAG/AGG;rbs_spacer=5-
   #    score  bias  c-Evalue  i-Evalue hmmfrom  hmm to    alifrom  ali to    envfrom  env to     acc
 ---   ------ ----- --------- --------- ------- -------    ------- -------    ------- -------    ----
   1 !   25.4   0.0   5.8e-10   5.3e-07     257     331 ..     202     271 ..     136     285 .. 0.90

  Alignments for each domain:
  == domain 1  score: 25.4 bits;  conditional E-value: 5.8e-10
         lcd_K22207_msa 257 vlPVkeLvkicreegvdqvfVDaAhaiGqvevdvkeigAdfYtsNlHKWffcPpsvAfLyvrkskasdlhhpvVs 331
                            v PV+eLv+i +++gv  + VDa +a Gq+++ +++ ++d      HK f +P++ + L vr    +   +pv+s
  NZ_AKCA01000001.1_405 202 VEPVEELVRIAHAHGV-PIHVDAVQAAGQIPIRMRDWDVDALSVSGHK-FGTPKGLGALLVRG---RTPIEPVLS 271
                            56**************.9******************************.77899999999887...334456655 PP



Internal pipeline statistics summary:
-------------------------------------
Query model(s):                            1  (523 nodes)
Target sequences:                       1826  (635381 residues searched)
Passed MSV filter:                        59  (0.0323111); expected 36.5 (0.02)
Passed bias filter:                       50  (0.0273823); expected 36.5 (0.02)
Passed Vit filter:                         9  (0.00492881); expected 1.8 (0.001)
Passed Fwd filter:                         2  (0.00109529); expected 0.0 (1e-05)
Initial search space (Z):               1826  [actual number of targets]
Domain search space  (domZ):               2  [number of targets reported over threshold]
# CPU time: 0.04u 0.00s 00:00:00.04 Elapsed: 00:00:00.03
# Mc/sec: 8572.29
//
# Alignment of 3 hits satisfying inclusion thresholds saved to: workflow/out/lcdcustom/hmmer_output/Bifidobacterium_bifidum_lcdcustom.sto
[ok]
