# hmmsearch :: search profile(s) against a sequence database
# HMMER 3.3.2 (Nov 2020); http://hmmer.org/
# Copyright (C) 2020 Howard Hughes Medical Institute.
# Freely distributed under the BSD open source license.
# - - - - - - - - - - - - - - - - - - - - - - - - - - - - - - - - - - - -
# query HMM file:                  config/profileHMMs/lcdcustom.HMM
# target sequence database:        workflow/out/prodigal/proteinSeq/Fusicatenibacter_saccharivorans_prodigal.faa
# output directed to file:         workflow/out/lcdcustom/hmmer_output/Fusicatenibacter_saccharivorans_lcdcustom.hmm.out
# MSA of all hits saved to file:   workflow/out/lcdcustom/hmmer_output/Fusicatenibacter_saccharivorans_lcdcustom.sto
# per-dom hits tabular output:     workflow/out/lcdcustom/hmmer_output/Fusicatenibacter_saccharivorans_lcdcustom.domtblout
# - - - - - - - - - - - - - - - - - - - - - - - - - - - - - - - - - - - -

Query:       lcd_K22207_msa  [M=523]
Scores for complete sequences (score includes all domains):
   --- full sequence ---   --- best 1 domain ---    -#dom-
    E-value  score  bias    E-value  score  bias    exp  N  Sequence                 Description
    ------- ------ -----    ------- ------ -----   ---- --  --------                 -----------
      1e-15   55.0   0.1    3.7e-15   53.1   0.1    1.9  2  NZ_JADNOP010000001.1_94   # 103974 # 105191 # -1 # ID=52_94;p
    1.4e-09   34.7   0.0    6.5e-07   25.9   0.0    2.1  2  NZ_JADNOP010000001.1_374  # 418586 # 419767 # -1 # ID=52_374;
    2.4e-05   20.8   0.0     0.0001   18.7   0.0    1.8  1  NZ_JADNOP010000008.1_97   # 106467 # 107615 # 1 # ID=45_97;pa


Domain annotation for each sequence (and alignments):
>> NZ_JADNOP010000001.1_94  # 103974 # 105191 # -1 # ID=52_94;partial=00;start_type=GTG;rbs_motif=GGAGG;rbs_spacer=5-10b
   #    score  bias  c-Evalue  i-Evalue hmmfrom  hmm to    alifrom  ali to    envfrom  env to     acc
 ---   ------ ----- --------- --------- ------- -------    ------- -------    ------- -------    ----
   1 !   53.1   0.1   3.5e-18   3.7e-15      76     319 ..       2     234 ..       1     310 [. 0.87
   2 ?   -2.0   0.0      0.18   1.9e+02     455     479 ..     372     396 ..     345     400 .. 0.80

  Alignments for each domain:
  == domain 1  score: 53.1 bits;  conditional E-value: 3.5e-18
           lcd_K22207_msa  76 teseirseFsh.hdpsvarinnGsfgscpasvleaqqrwqlkflrqPde.fyfnel..kkgilesrtaikdlinaddvdevslvdN 157
                              t  +ir++F + ++ ++++++n +    p++vl+a q++  +  ++P + fy  +l  +++ +e+r++++++i+a++ +e+ ++ N
  NZ_JADNOP010000001.1_94   2 TTDNIRKNFPLlQQMDTIYLDNAATAQRPSCVLAAVQEFYEQKNANPLRgFYPLSLeaTESYQEARKTVQKFIHAEEPEEIIFTRN 87 
                              667899999652677999*****************9999988878886537766551167899*********************** PP

           lcd_K22207_msa 158 attAaaivLqqvawsfaegkfqkgDavlmlhyaYgaVkksieayvtraggsvievelpfpvksneeivsefrkaLekgkangrkvr 243
                              +t   + v  + +++f     ++gD + ++ +  ++     +  v+r  g  +     ++ +s+ e  +e   aL+kg   +++ r
  NZ_JADNOP010000001.1_94  88 TTESLNLVAYSYGLNFL----KEGDEIAVTIMEHHSNLLPWQM-VSRMTGAKLH---YLECTSEGELTDE---ALQKG--INERTR 160
                              ***************99....8999988888877775555555.7777776442...4678888888776...78885..6789** PP

           lcd_K22207_msa 244 lAviDHitSmpsvvlPVkeLvkicreegvdqvfVDaAhaiGqvevdvkeigAdfYtsNlHKWffcPpsvAfLyvrk 319
                              l+ +  ++ +   v  +++++++ ++ g   v+VD+A+++ +++vdv+++++df +   HK ++ P +++ Ly ++
  NZ_JADNOP010000001.1_94 161 LVAVAQVSNVLGCVNSIQKITEMAHRVGA-VVVVDGAQSVPHMPVDVQALDVDFLAFSGHK-LMGPMGIGCLYGKR 234
                              ****************************9.9******************************.789********887 PP

  == domain 2  score: -2.0 bits;  conditional E-value: 0.18
           lcd_K22207_msa 455 gYvRiShqvYnkvddyyklrdavnq 479
                                 R S+  Yn+ ++  +l + v  
  NZ_JADNOP010000001.1_94 372 SSTRASMMFYNTPEEIDALIESVST 396
                              55799*********99999888875 PP

>> NZ_JADNOP010000001.1_374  # 418586 # 419767 # -1 # ID=52_374;partial=00;start_type=ATG;rbs_motif=AGGAG;rbs_spacer=5-1
   #    score  bias  c-Evalue  i-Evalue hmmfrom  hmm to    alifrom  ali to    envfrom  env to     acc
 ---   ------ ----- --------- --------- ------- -------    ------- -------    ------- -------    ----
   1 !    6.8   0.0    0.0004      0.42     127     210 ..      39     117 ..       5     128 .. 0.85
   2 !   25.9   0.0   6.1e-10   6.5e-07     258     322 ..     156     219 ..     152     227 .. 0.90

  Alignments for each domain:
  == domain 1  score: 6.8 bits;  conditional E-value: 0.0004
            lcd_K22207_msa 127 nelkkgilesrtaikdlinaddvdevslvdNattAaaivLqqvawsfaegkfqkgDavlmlhyaYgaVkksieayvtraggsvi 210
                                + k++i++ r++i+++++a+  +e+ ++   +   +  L+++  + +    +kg+ ++++++  +a+ +++e + ++ g+++ 
  NZ_JADNOP010000001.1_374  39 GKSKEAITKGREQIANVLGAK-PEEIYFTAGGSESDNWALKATFEAYK----NKGNHIITTKIEHHAILHTCEYLEKERGAKIT 117
                               567899**************9.59*****************8875555....9********************99999998876 PP

  == domain 2  score: 25.9 bits;  conditional E-value: 6.1e-10
            lcd_K22207_msa 258 lPVkeLvkicreegvdqvfVDaAhaiGqvevdvkeigAdfYtsNlHKWffcPpsvAfLyvrks.ka 322
                                P+ke+ +i +e+++     Da +a Gq++++v+e + d   s  HK +  P++++fLy+rk  k 
  NZ_JADNOP010000001.1_374 156 QPIKEIGRIAKEHNI-LFHTDAVQAFGQIPINVDECNIDMLSSSGHK-INGPKGIGFLYIRKGvKI 219
                               5**************.889****************************.99***********96444 PP

>> NZ_JADNOP010000008.1_97  # 106467 # 107615 # 1 # ID=45_97;partial=00;start_type=ATG;rbs_motif=None;rbs_spacer=None;gc
   #    score  bias  c-Evalue  i-Evalue hmmfrom  hmm to    alifrom  ali to    envfrom  env to     acc
 ---   ------ ----- --------- --------- ------- -------    ------- -------    ------- -------    ----
   1 !   18.7   0.0   9.4e-08    0.0001     133     322 ..      46     217 ..      39     286 .. 0.71

  Alignments for each domain:
  == domain 1  score: 18.7 bits;  conditional E-value: 9.4e-08
           lcd_K22207_msa 133 ilesrtaikdlinaddvdevslvdNattAaaivLqqvawsfaegkfqkgDavlmlhyaYgaVkksieayvtrag..gsvievelpf 216
                              + e+r  +++l++a++ + ++++ N t A ++ +         g f +gD v+++ +  ++V + + a+ +++g   svi  ++  
  NZ_JADNOP010000008.1_97  46 VFETRMRLAELFHAESPERIAFTCNDTEALNTAIF--------GLFGPGDHVITTVCEHNSVLRPLYAL-EKQGleLSVIPADVSG 122
                              56788999999999999999999999999999887........56899999999999999999998884.5555223444222222 PP

           lcd_K22207_msa 217 pvksneeivsefrkaLekgkangrkvrlAviDHitSmpsvvlPVkeLvkicreegvdqvfVDaAhaiGqvevdvkeigAdfYtsNl 302
                               +       +++++a +k      + +  v+ H +  +  +   ++ ++i +++     +VDaA+  G ++++v++ g d      
  NZ_JADNOP010000008.1_97 123 RID-----YDQMEAAVRK------NTKAFVVTHASNLTGNITDLARVCEIAEHHSL-LLIVDAAQTAGILPINVQKSGIDVLCFSG 196
                              222.....3555566555......78888999988888888878888888888887.899************************** PP

           lcd_K22207_msa 303 HKWffcPpsvAfLyvrks.ka 322
                              HK +  P++++ +yvr++ + 
  NZ_JADNOP010000008.1_97 197 HKGLLGPQGTGGIYVRPElSI 217
                              ****************96443 PP



Internal pipeline statistics summary:
-------------------------------------
Query model(s):                            1  (523 nodes)
Target sequences:                       3185  (1056305 residues searched)
Passed MSV filter:                       126  (0.0395604); expected 63.7 (0.02)
Passed bias filter:                      105  (0.032967); expected 63.7 (0.02)
Passed Vit filter:                         9  (0.00282575); expected 3.2 (0.001)
Passed Fwd filter:                         3  (0.000941915); expected 0.0 (1e-05)
Initial search space (Z):               3185  [actual number of targets]
Domain search space  (domZ):               3  [number of targets reported over threshold]
# CPU time: 0.06u 0.00s 00:00:00.06 Elapsed: 00:00:00.03
# Mc/sec: 15142.56
//
# Alignment of 4 hits satisfying inclusion thresholds saved to: workflow/out/lcdcustom/hmmer_output/Fusicatenibacter_saccharivorans_lcdcustom.sto
[ok]
