# hmmsearch :: search profile(s) against a sequence database
# HMMER 3.3.2 (Nov 2020); http://hmmer.org/
# Copyright (C) 2020 Howard Hughes Medical Institute.
# Freely distributed under the BSD open source license.
# - - - - - - - - - - - - - - - - - - - - - - - - - - - - - - - - - - - -
# query HMM file:                  config/profileHMMs/lcdcustom.HMM
# target sequence database:        workflow/out/prodigal/proteinSeq/Lactobacillus_rhamnosus_prodigal.faa
# output directed to file:         workflow/out/lcdcustom/hmmer_output/Lactobacillus_rhamnosus_lcdcustom.hmm.out
# MSA of all hits saved to file:   workflow/out/lcdcustom/hmmer_output/Lactobacillus_rhamnosus_lcdcustom.sto
# per-dom hits tabular output:     workflow/out/lcdcustom/hmmer_output/Lactobacillus_rhamnosus_lcdcustom.domtblout
# - - - - - - - - - - - - - - - - - - - - - - - - - - - - - - - - - - - -

Query:       lcd_K22207_msa  [M=523]
Scores for complete sequences (score includes all domains):
   --- full sequence ---   --- best 1 domain ---    -#dom-
    E-value  score  bias    E-value  score  bias    exp  N  Sequence           Description
    ------- ------ -----    ------- ------ -----   ---- --  --------           -----------
    1.3e-17   61.0   0.5    8.5e-13   45.1   0.5    2.9  3  NZ_CP040780.1_1556  # 1640774 # 1641970 # 1 # ID=1_1556;parti


Domain annotation for each sequence (and alignments):
>> NZ_CP040780.1_1556  # 1640774 # 1641970 # 1 # ID=1_1556;partial=00;start_type=ATG;rbs_motif=GGxGG;rbs_spacer=5-10bp;g
   #    score  bias  c-Evalue  i-Evalue hmmfrom  hmm to    alifrom  ali to    envfrom  env to     acc
 ---   ------ ----- --------- --------- ------- -------    ------- -------    ------- -------    ----
   1 !    3.0   0.0    0.0018       4.8     133     169 ..      59      95 ..      24     112 .. 0.86
   2 !   45.1   0.5   3.1e-16   8.5e-13     242     319 ..     155     230 ..     135     245 .. 0.92
   3 !    9.4   0.0   2.1e-05     0.057     425     478 ..     335     388 ..     277     392 .. 0.62

  Alignments for each domain:
  == domain 1  score: 3.0 bits;  conditional E-value: 0.0018
      lcd_K22207_msa 133 ilesrtaikdlinaddvdevslvdNattAaaivLqqv 169
                          +  r+ ++d+++a+++de+ ++  +t   + v  ++
  NZ_CP040780.1_1556  59 YEGVRQEVADFLGAQSADEIIFTRGTTDSLNLVASAF 95 
                         455699*********************9999997765 PP

  == domain 2  score: 45.1 bits;  conditional E-value: 3.1e-16
      lcd_K22207_msa 242 vrlAviDHitSmpsvvlPVkeLvkicreegvdqvfVDaAhaiGqvevdvkeigAdfYtsNlHKWffcPpsvAfLyvrk 319
                           l+ i  +t +   +lPV+ + k  ++ g   v+VD+A+a+ +++vdv+ +gAdfY+   HK ++ P ++++Ly r 
  NZ_CP040780.1_1556 155 TNLVAIAQVTNVAGDTLPVAAIAKKAHAVGA-VVVVDGAQAVAHLPVDVQTLGADFYAFSGHK-IYGPTGIGVLYGRA 230
                         668889999999999***************9.9******************************.9**********997 PP

  == domain 3  score: 9.4 bits;  conditional E-value: 2.1e-05
      lcd_K22207_msa 425 kLrthLreefkvevpi..yyrapkegeveaitgYvRiShqvYnkvddyyklrdavn 478
                          L t L +e ++ v    ++ +p   ++  + + vR S  vYn+ dd+ kl +av+
  NZ_CP040780.1_1556 335 DLATFL-DEQQIAVRAghHCAQPLMARL-GVPATVRASFGVYNNADDVAKLVEAVQ 388
                         455555.445555555214444444444.47888********************97 PP



Internal pipeline statistics summary:
-------------------------------------
Query model(s):                            1  (523 nodes)
Target sequences:                       2726  (832924 residues searched)
Passed MSV filter:                        89  (0.0326486); expected 54.5 (0.02)
Passed bias filter:                       68  (0.024945); expected 54.5 (0.02)
Passed Vit filter:                         6  (0.00220103); expected 2.7 (0.001)
Passed Fwd filter:                         1  (0.000366838); expected 0.0 (1e-05)
Initial search space (Z):               2726  [actual number of targets]
Domain search space  (domZ):               1  [number of targets reported over threshold]
# CPU time: 0.04u 0.00s 00:00:00.04 Elapsed: 00:00:00.01
# Mc/sec: 21920.18
//
# Alignment of 3 hits satisfying inclusion thresholds saved to: workflow/out/lcdcustom/hmmer_output/Lactobacillus_rhamnosus_lcdcustom.sto
[ok]
