# hmmsearch :: search profile(s) against a sequence database
# HMMER 3.3.2 (Nov 2020); http://hmmer.org/
# Copyright (C) 2020 Howard Hughes Medical Institute.
# Freely distributed under the BSD open source license.
# - - - - - - - - - - - - - - - - - - - - - - - - - - - - - - - - - - - -
# query HMM file:                  config/profileHMMs/lcdcustom.HMM
# target sequence database:        workflow/out/prodigal/proteinSeq/Marvinbryantia-formatexigens-DSM-14469-MAF-2_prodigal.faa
# output directed to file:         workflow/out/lcdcustom/hmmer_output/Marvinbryantia-formatexigens-DSM-14469-MAF-2_lcdcustom.hmm.out
# MSA of all hits saved to file:   workflow/out/lcdcustom/hmmer_output/Marvinbryantia-formatexigens-DSM-14469-MAF-2_lcdcustom.sto
# per-dom hits tabular output:     workflow/out/lcdcustom/hmmer_output/Marvinbryantia-formatexigens-DSM-14469-MAF-2_lcdcustom.domtblout
# - - - - - - - - - - - - - - - - - - - - - - - - - - - - - - - - - - - -

Query:       lcd_K22207_msa  [M=523]
Scores for complete sequences (score includes all domains):
   --- full sequence ---   --- best 1 domain ---    -#dom-
    E-value  score  bias    E-value  score  bias    exp  N  Sequence Description
    ------- ------ -----    ------- ------ -----   ---- --  -------- -----------
    1.2e-06   25.5   0.0      3e-05   20.8   0.0    2.0  2  1_513     # 483133 # 484320 # -1 # ID=1_513;partial=00;start_


Domain annotation for each sequence (and alignments):
>> 1_513  # 483133 # 484320 # -1 # ID=1_513;partial=00;start_type=ATG;rbs_motif=GGAG/GAGG;rbs_spacer=5-10bp;gc_cont=0.54
   #    score  bias  c-Evalue  i-Evalue hmmfrom  hmm to    alifrom  ali to    envfrom  env to     acc
 ---   ------ ----- --------- --------- ------- -------    ------- -------    ------- -------    ----
   1 !    2.4   0.0    0.0027        11     130     214 ..      45     123 ..      40     133 .. 0.88
   2 !   20.8   0.0   7.2e-09     3e-05     258     321 ..     158     220 ..     153     228 .. 0.91

  Alignments for each domain:
  == domain 1  score: 2.4 bits;  conditional E-value: 0.0027
  lcd_K22207_msa 130 kkgilesrtaikdlinaddvdevslvdNattAaaivLqqvawsfaegkfqkgDavlmlhyaYgaVkksieayvtraggsvievel 214
                     kk++ e+r++i+ +++a++ +e+ ++   +   +  L+++a + +    +kg+ +++ ++  +aV +++e  +++ g +v  v++
           1_513  45 KKAMNEARETIAGILGAQE-NEIYFTAGGSESDNWALKATAEAYR----AKGNHIITSKIEHHAVLHTCEY-LEKNGFEVTYVDV 123
                     78999************95.8*****************9996666....9****************99986.7888877776665 PP

  == domain 2  score: 20.8 bits;  conditional E-value: 7.2e-09
  lcd_K22207_msa 258 lPVkeLvkicreegvdqvfVDaAhaiGqvevdvkeigAdfYtsNlHKWffcPpsvAfLyvrks.k 321
                      P++e+ +i +++g+     Da +a Gq++++v+e   d   +  HK +  P++++fLy+rk  k
           1_513 158 QPIREIGEIAHKHGI-LFHTDAVQAFGQLPINVDEYHIDMLSASGHK-LNGPKGIGFLYIRKGvK 220
                     5**************.889****************************.89***********9634 PP



Internal pipeline statistics summary:
-------------------------------------
Query model(s):                            1  (523 nodes)
Target sequences:                       4199  (1352188 residues searched)
Passed MSV filter:                       143  (0.0340557); expected 84.0 (0.02)
Passed bias filter:                      125  (0.029769); expected 84.0 (0.02)
Passed Vit filter:                         9  (0.00214337); expected 4.2 (0.001)
Passed Fwd filter:                         1  (0.000238152); expected 0.0 (1e-05)
Initial search space (Z):               4199  [actual number of targets]
Domain search space  (domZ):               1  [number of targets reported over threshold]
# CPU time: 0.06u 0.00s 00:00:00.06 Elapsed: 00:00:00.02
# Mc/sec: 25969.87
//
# Alignment of 2 hits satisfying inclusion thresholds saved to: workflow/out/lcdcustom/hmmer_output/Marvinbryantia-formatexigens-DSM-14469-MAF-2_lcdcustom.sto
[ok]
