# hmmsearch :: search profile(s) against a sequence database
# HMMER 3.3.2 (Nov 2020); http://hmmer.org/
# Copyright (C) 2020 Howard Hughes Medical Institute.
# Freely distributed under the BSD open source license.
# - - - - - - - - - - - - - - - - - - - - - - - - - - - - - - - - - - - -
# query HMM file:                  config/profileHMMs/lcdcustom.HMM
# target sequence database:        workflow/out/prodigal/proteinSeq/Ruminococcus_bicirculans_prodigal.faa
# output directed to file:         workflow/out/lcdcustom/hmmer_output/Ruminococcus_bicirculans_lcdcustom.hmm.out
# MSA of all hits saved to file:   workflow/out/lcdcustom/hmmer_output/Ruminococcus_bicirculans_lcdcustom.sto
# per-dom hits tabular output:     workflow/out/lcdcustom/hmmer_output/Ruminococcus_bicirculans_lcdcustom.domtblout
# - - - - - - - - - - - - - - - - - - - - - - - - - - - - - - - - - - - -

Query:       lcd_K22207_msa  [M=523]
Scores for complete sequences (score includes all domains):
   --- full sequence ---   --- best 1 domain ---    -#dom-
    E-value  score  bias    E-value  score  bias    exp  N  Sequence           Description
    ------- ------ -----    ------- ------ -----   ---- --  --------           -----------
    1.9e-08   30.8   0.0    2.9e-08   30.2   0.0    1.2  1  NZ_HF545617.1_103   # 110132 # 111286 # -1 # ID=1_103;partial
    1.6e-07   27.7   0.3    2.6e-07   27.0   0.3    1.5  1  NZ_HF545616.1_1228  # 1344251 # 1345456 # -1 # ID=2_1228;part


Domain annotation for each sequence (and alignments):
>> NZ_HF545617.1_103  # 110132 # 111286 # -1 # ID=1_103;partial=00;start_type=GTG;rbs_motif=GGA/GAG/AGG;rbs_spacer=5-10b
   #    score  bias  c-Evalue  i-Evalue hmmfrom  hmm to    alifrom  ali to    envfrom  env to     acc
 ---   ------ ----- --------- --------- ------- -------    ------- -------    ------- -------    ----
   1 !   30.2   0.0   2.1e-11   2.9e-08     129     316 ..      51     218 ..      40     228 .. 0.89

  Alignments for each domain:
  == domain 1  score: 30.2 bits;  conditional E-value: 2.1e-11
     lcd_K22207_msa 129 lkkgilesrtaikdlinaddvdevslvdNattAaaivLqqvawsfaegkfqkgDavlmlhyaYgaVkksieayvtraggsvievelpfpvks 220
                        + ++i   r++ +++++a+  ++v+++ N+t+A ++ ++ v+        q g  +++ +   +aV + + a+ +  g   ++  ++   ++
  NZ_HF545617.1_103  51 VSEKIFTVRQQAAEMFGAQ-TENVAFTANCTHALNMAIKGVM--------QYGGHMIISDHEHNAVARPVYALSKTRG---VKYSIARTGET 130
                        67889999*********99.79****************9665........88999**************999755544...679999***** PP

     lcd_K22207_msa 221 neeivsefrkaLekgkangrkvrlAviDHitSmpsvvlPVkeLvkicreegvdqvfVDaAhaiGqvevdvkeigAdfYtsNlHKWffcPpsv 312
                        ++e v++fr+ ++    + + +   v   +t     ++P +eL ++c+++g+   + D+A+a G +e+ + + g +f  +  HK ++ P ++
  NZ_HF545617.1_103 131 DSETVENFRRLITP---ETKCICCTVASNVTG---RLMPYRELAALCKAHGI-CFIADGAQACGLLELSLSD-GFNFLCTAGHKALYGPTGT 214
                        ***********999...577888888888875...69***************.7778**************9.******************9 PP

     lcd_K22207_msa 313 AfLy 316
                        ++L 
  NZ_HF545617.1_103 215 GLLI 218
                        9985 PP

>> NZ_HF545616.1_1228  # 1344251 # 1345456 # -1 # ID=2_1228;partial=00;start_type=TTG;rbs_motif=GGA/GAG/AGG;rbs_spacer=5
   #    score  bias  c-Evalue  i-Evalue hmmfrom  hmm to    alifrom  ali to    envfrom  env to     acc
 ---   ------ ----- --------- --------- ------- -------    ------- -------    ------- -------    ----
   1 !   27.0   0.3   1.9e-10   2.6e-07     257     319 ..     159     219 ..      17     226 .. 0.93

  Alignments for each domain:
  == domain 1  score: 27.0 bits;  conditional E-value: 1.9e-10
      lcd_K22207_msa 257 vlPVkeLvkicreegvdqvfVDaAhaiGqvevdvkeigAdfYtsNlHKWffcPpsvAfLyvrk 319
                         + P++e+ ++c+++gv     Da +a+G+++++vk+++ d      HK + +P++v+ Lyv+ 
  NZ_HF545616.1_1228 159 IQPIAEIGEVCHKHGV-WFHTDAVQAVGNIDINVKDMNIDMLSLSGHK-LHAPKGVGALYVKT 219
                         56**************.899****************************.99**********97 PP



Internal pipeline statistics summary:
-------------------------------------
Query model(s):                            1  (523 nodes)
Target sequences:                       2756  (862729 residues searched)
Passed MSV filter:                       116  (0.04209); expected 55.1 (0.02)
Passed bias filter:                       79  (0.0286647); expected 55.1 (0.02)
Passed Vit filter:                         9  (0.0032656); expected 2.8 (0.001)
Passed Fwd filter:                         2  (0.000725689); expected 0.0 (1e-05)
Initial search space (Z):               2756  [actual number of targets]
Domain search space  (domZ):               2  [number of targets reported over threshold]
# CPU time: 0.04u 0.00s 00:00:00.04 Elapsed: 00:00:00.02
# Mc/sec: 18934.49
//
# Alignment of 2 hits satisfying inclusion thresholds saved to: workflow/out/lcdcustom/hmmer_output/Ruminococcus_bicirculans_lcdcustom.sto
[ok]
