# hmmsearch :: search profile(s) against a sequence database
# HMMER 3.3.2 (Nov 2020); http://hmmer.org/
# Copyright (C) 2020 Howard Hughes Medical Institute.
# Freely distributed under the BSD open source license.
# - - - - - - - - - - - - - - - - - - - - - - - - - - - - - - - - - - - -
# query HMM file:                  config/profileHMMs/malYcustom.HMM
# target sequence database:        workflow/out/prodigal/proteinSeq/Porphyromonas_asaccharolytica_prodigal.faa
# output directed to file:         workflow/out/malYcustom/hmmer_output/Porphyromonas_asaccharolytica_malYcustom.hmm.out
# MSA of all hits saved to file:   workflow/out/malYcustom/hmmer_output/Porphyromonas_asaccharolytica_malYcustom.sto
# per-dom hits tabular output:     workflow/out/malYcustom/hmmer_output/Porphyromonas_asaccharolytica_malYcustom.domtblout
# - - - - - - - - - - - - - - - - - - - - - - - - - - - - - - - - - - - -

Query:       malY_K14155_msa  [M=493]
Scores for complete sequences (score includes all domains):
   --- full sequence ---   --- best 1 domain ---    -#dom-
    E-value  score  bias    E-value  score  bias    exp  N  Sequence        Description
    ------- ------ -----    ------- ------ -----   ---- --  --------        -----------
    2.9e-15   52.2   0.0    4.6e-15   51.5   0.0    1.2  1  NC_015501.1_196  # 238682 # 239701 # 1 # ID=1_196;partial=00;
    1.3e-13   46.7   0.0    1.8e-13   46.2   0.0    1.1  1  NC_015501.1_664  # 820106 # 821131 # -1 # ID=1_664;partial=00


Domain annotation for each sequence (and alignments):
>> NC_015501.1_196  # 238682 # 239701 # 1 # ID=1_196;partial=00;start_type=ATG;rbs_motif=None;rbs_spacer=None;gc_cont=0.
   #    score  bias  c-Evalue  i-Evalue hmmfrom  hmm to    alifrom  ali to    envfrom  env to     acc
 ---   ------ ----- --------- --------- ------- -------    ------- -------    ------- -------    ----
   1 !   51.5   0.0   5.3e-18   4.6e-15     132     422 ..      62     324 ..      30     331 .. 0.85

  Alignments for each domain:
  == domain 1  score: 51.5 bits;  conditional E-value: 5.3e-18
  malY_K14155_msa 132 gweidpewivfvpgvvpalslairaftepgdkVlvqtPvYppFlkaienngrevvevplvledgryeiDfedleaklaepkvkllllCnPhNPt 225
                      +w++dp+w+++++g   a++l+ + f   g k l++ P +    +a++    ++  +p             d+ ++ a   + ll    P NP 
  NC_015501.1_196  62 HWRLDPDWLLVTNGSTEAFYLLAHLF--AGGKTLITVPSFAEYEDACQLYRHHLTYIPTS-----------DIANQSA--PADLLWSALPNNPD 140
                      69************************..599****************9999999999984...........5666665..489*********** PP

  malY_K14155_msa 226 GrvwtreeLeklaelcekh.dvlvisDEIHadlvlpghkhtpfaslseeaaertitltspsKtFNlaGlkasyaiipneelrekfkralkaegl 318
                      G +  r     l++ c +h d +vi DE +a+l+ +    t + +++   + ++i++ s +K+F l+G++ +y+i+ +++l ++++  l++   
  NC_015501.1_196 141 GDITHRTG---LLNYCSAHpDSYVIVDEAYAELCAEA--VTLLDEVA--HHPNLIIVRSLTKSFALPGIRLGYIIA-HPSLLARLEP-LRSPW- 224
                      ***99965...5678888879**************75..78888886..468*********************876.6778888998.55433. PP

  malY_K14155_msa 319 sspnvlglvateaAYregeeWldellayleenrdllaeflaeelpglkvvkpeaTY.LaWlDcralglddeelkefllekakvalsdGstFgee 411
                       s+n+l+l+a     ++ ++ l +    ++e  +l a+++a+ + g+++++    Y La lD  + g + ++lke+l+++++v + d ++F + 
  NC_015501.1_196 225 -SVNALALEAGAYICQHYDQLLPDATGLVREAQHL-AHEVAQ-IAGVSLIPSSTPYfLACLDEGR-G-TAAQLKEYLVTQHGVLIRDAANFRSL 313
                      .59******99999999999999999988887666.555665.9*****9998877477777655.3.5789********************** PP

  malY_K14155_msa 412 gegfvRlNlAc 422
                        +++Rl +  
  NC_015501.1_196 314 SPRHFRLSVQS 324
                      ******98755 PP

>> NC_015501.1_664  # 820106 # 821131 # -1 # ID=1_664;partial=00;start_type=ATG;rbs_motif=None;rbs_spacer=None;gc_cont=0
   #    score  bias  c-Evalue  i-Evalue hmmfrom  hmm to    alifrom  ali to    envfrom  env to     acc
 ---   ------ ----- --------- --------- ------- -------    ------- -------    ------- -------    ----
   1 !   46.2   0.0   2.1e-16   1.8e-13     120     429 ..      51     332 ..      31     339 .. 0.80

  Alignments for each domain:
  == domain 1  score: 46.2 bits;  conditional E-value: 2.1e-16
  malY_K14155_msa 120 yeaiadwlkrrhgweidpewivfvpgvvpalslairaftepgdkVlvqtPvYppFlkaienngrevvevplvledgryeiDfedleaklaepkv 213
                      y+ +   +++r  ++i  ++iv++ g   a++++ +af   g+k ++  P Y++   a+++ g ++   p          D+e  e +l  ++ 
  NC_015501.1_664  51 YKTLRTMISKRNALHI--DNIVITAGRTAAFYAIAEAFA--GKKGVILVPSYQHYELATKRYGWQLTYLPE---------DIETQEIQL--EGQ 129
                      5666666777777666..58******************6..77778999*****************99997.........677778788..478 PP

  malY_K14155_msa 214 kllllCnPhNPtGrvwtreeLeklaelcekhdvlvisDEIHadlvlpghkhtpfaslseeaaertitltspsKtFNlaGlkasyaiipneelre 307
                      +   +C+P NPtGr  +r+eL +l+   +   v+ + D  +a ++ +      ++ +  + + ++i ++s + t+ l+Gl+++y+ + ++++ +
  NC_015501.1_664 130 EFCWICSPNNPTGRLRSRAELLELIG--RYPSVYFVIDQSYATFTTQP--TLTLSDV--KGHPNIIFVSSFTQTYGLPGLRIGYVTA-DKKIIK 216
                      999*****************987754..4458999*******999964..4444455..5679*********************866.667777 PP

  malY_K14155_msa 308 kfkralkaeglsspnvlglvateaAYregeeWldellayleenrdllaeflaeelpglkvvkpeaTY.LaWlDcralglddeelkefllekakv 400
                      ++++ ++ ++   +++++++ ++    + +++   +++  ++n   l++ l++ + gl+v++ +a + L+ + c       +el ++lle++++
  NC_015501.1_664 217 EIQKVVDPWS---VSTMAVEVAKYILIHPAQFTLPIRKW-QRNALELETKLRQ-IDGLEVMPSDAPFfLVQIHCATA----AELIKYLLEEHNI 301
                      7999887777...9*****************99988775.6677777999987.***********863667777664....78999******** PP

  malY_K14155_msa 401 alsdGstF.geegegfvRlNl..Acprevlee 429
                      al d ++  g +g ++vR+    A+  ++l e
  NC_015501.1_664 302 ALYDATNLrGIKG-EMVRITSrdATDNAKLLE 332
                      **99988855444.477775433555555555 PP



Internal pipeline statistics summary:
-------------------------------------
Query model(s):                            1  (493 nodes)
Target sequences:                       1731  (638119 residues searched)
Passed MSV filter:                        74  (0.0427499); expected 34.6 (0.02)
Passed bias filter:                       69  (0.0398614); expected 34.6 (0.02)
Passed Vit filter:                         9  (0.00519931); expected 1.7 (0.001)
Passed Fwd filter:                         2  (0.0011554); expected 0.0 (1e-05)
Initial search space (Z):               1731  [actual number of targets]
Domain search space  (domZ):               2  [number of targets reported over threshold]
# CPU time: 0.04u 0.00s 00:00:00.04 Elapsed: 00:00:00.02
# Mc/sec: 12641.71
//
# Alignment of 2 hits satisfying inclusion thresholds saved to: workflow/out/malYcustom/hmmer_output/Porphyromonas_asaccharolytica_malYcustom.sto
[ok]
