# hmmsearch :: search profile(s) against a sequence database
# HMMER 3.3.2 (Nov 2020); http://hmmer.org/
# Copyright (C) 2020 Howard Hughes Medical Institute.
# Freely distributed under the BSD open source license.
# - - - - - - - - - - - - - - - - - - - - - - - - - - - - - - - - - - - -
# query HMM file:                  config/profileHMMs/lcd.HMM
# target sequence database:        workflow/out/prodigal/proteinSeq/Akkermansia_muciniphila_prodigal.faa
# output directed to file:         workflow/out/lcd/hmmer_output/Akkermansia_muciniphila_lcd.hmm.out
# MSA of all hits saved to file:   workflow/out/lcd/hmmer_output/Akkermansia_muciniphila_lcd.sto
# per-dom hits tabular output:     workflow/out/lcd/hmmer_output/Akkermansia_muciniphila_lcd.domtblout
# - - - - - - - - - - - - - - - - - - - - - - - - - - - - - - - - - - - -

Query:       K22207  [M=583]
Scores for complete sequences (score includes all domains):
   --- full sequence ---   --- best 1 domain ---    -#dom-
    E-value  score  bias    E-value  score  bias    exp  N  Sequence          Description
    ------- ------ -----    ------- ------ -----   ---- --  --------          -----------
    2.8e-22   76.3   0.0      1e-21   74.4   0.0    1.7  1  NZ_AP021898.1_204  # 254023 # 255249 # 1 # ID=1_204;partial=0
    9.4e-05   18.4   0.0    0.00063   15.7   0.1    1.9  2  NZ_AP021898.1_523  # 602550 # 603773 # -1 # ID=1_523;partial=
      0.008   12.0   0.1      0.015   11.1   0.1    1.3  1  NZ_AP021898.1_501  # 575378 # 578224 # 1 # ID=1_501;partial=0


Domain annotation for each sequence (and alignments):
>> NZ_AP021898.1_204  # 254023 # 255249 # 1 # ID=1_204;partial=00;start_type=ATG;rbs_motif=None;rbs_spacer=None;gc_cont=
   #    score  bias  c-Evalue  i-Evalue hmmfrom  hmm to    alifrom  ali to    envfrom  env to     acc
 ---   ------ ----- --------- --------- ------- -------    ------- -------    ------- -------    ----
   1 !   74.4   0.0   1.3e-24     1e-21     142     499 ..      56     401 ..      10     406 .. 0.78

  Alignments for each domain:
  == domain 1  score: 74.4 bits;  conditional E-value: 1.3e-24
             K22207 142 defyfnelkkg.ilksrtlikelinaddvdevslvdnaTtaaaivlqqvawaFaegkfqkgdavvmLhyaYgaVKksieayvtraggeViev 232
                         + y+++l ++   +sr++++++ina++  ev +   +T +++ ++  +a     g +++gd v++      +     + +++r g+    v
  NZ_AP021898.1_204  56 GSHYLSQLATEaHEESRETVARFINAPETAEVLFTSGCTMGINLAADTIA---GSGMVKPGDEVIVTASEHHSNIVPWQMLCERTGAVLKAV 144
                        4566677765515689**********************************...69**************999999999*********99999 PP

             K22207 233 elpfPvksneeiieefrkaLekgkangrrvrLaviDhitSmpsvvlPvkeLvkicreegvdq.vfvDaAHaiGqvdvdvkeigadfytsnlh 323
                        +l    +     +e++r+ L      + r+r++ + h++   + v Pv+e++++++e+  ++ v++D+A+a+ +++vdv+e+g+d y+   h
  NZ_AP021898.1_204 145 PLTPGQTL---DMEAYRNML------SPRTRIVAVGHVSNTLGTVNPVREMAALAKENRQETiVLIDGAQAVSHMNVDVQELGCDLYAFSGH 227
                        99984333...356779988......4689****************************9999899*************************** PP

             K22207 324 KWffcPksvAfLyvrksskssdlh.........hPvvshe.YgnglaiesawiGtrDysaqlvvpealeFvnrfegGiegikkrnhelvvem 405
                        K +++P+++  L+ +++   ++l          + v+ ++   n+++ +    Gt      + + +a+ +v+ +  G+++i +  ++l  +m
  NZ_AP021898.1_204 228 K-LYAPTGIGALWGKREL-LEKLPpwmgggemiKEVTFEKtVYNDIPFKYE-AGTPNIGGAVGLAAAIRYVSGL--GLDNIAAHEQKLT-DM 313
                        *.9***********9932.33333445555554666655554488887754.7999999999999999999999..9999977665555.77 PP

             K22207 406 gemLaeawgtelgappemcasmvmvgLPaalgissdddalkLrthLreefkveVpiyyrapk..dgeveqvtgyvRiShqvYnkveDyeklr 495
                        +    +a  + + ++p++  s v+  L    g+++      L t+L +++++ V + ++  +  +  +  +tg  R S ++Yn+ e+++ + 
  NZ_AP021898.1_204 314 AVEGLKAMPRLTVLAPDVPHSAVVSVLA--EGVHHY----DLGTLL-DQMGIAVRTGHHCCQplMCAL-GTTGTTRASFALYNTEEEVQTFL 397
                        7666777788888999999988888777..344444....465544.678999999444444335555.89999999999999999999987 PP

             K22207 496 dAvn 499
                        +  n
  NZ_AP021898.1_204 398 KSMN 401
                        7665 PP

>> NZ_AP021898.1_523  # 602550 # 603773 # -1 # ID=1_523;partial=00;start_type=GTG;rbs_motif=None;rbs_spacer=None;gc_cont
   #    score  bias  c-Evalue  i-Evalue hmmfrom  hmm to    alifrom  ali to    envfrom  env to     acc
 ---   ------ ----- --------- --------- ------- -------    ------- -------    ------- -------    ----
   1 ?   -0.0   0.0     0.044        36     147     190 ..      62     104 ..      39     111 .. 0.88
   2 !   15.7   0.1   7.9e-07   0.00063     285     339 ..     178     230 ..     174     236 .. 0.92

  Alignments for each domain:
  == domain 1  score: -0.0 bits;  conditional E-value: 0.044
             K22207 147 nelkkgilksrtlikelinaddvdevslvdnaTtaaaivlqqva 190
                         + ++++ ++r++++ l++a    e+++    T+a +++ +q+a
  NZ_AP021898.1_523  62 RHVREAVEEARAAVAALLGAFP-SEIVFTSGGTEASNMAFRQMA 104
                        5778999*************96.99*************999997 PP

  == domain 2  score: 15.7 bits;  conditional E-value: 7.9e-07
             K22207 285 kicreegvdqvfvDaAHaiGqvdvdvkeigadfytsnlhKWffcPksvAfLyvrk 339
                        + +r++gv+ v +D  +  G+++vd++ +++d+    +hK f +Pk++  Ly r+
  NZ_AP021898.1_523 178 SSARKHGVP-VHLDIVQCAGKIPVDLHGMEVDYASVSAHK-FHGPKGIGCLYRRA 230
                        5579****7.******************************.99*********886 PP

>> NZ_AP021898.1_501  # 575378 # 578224 # 1 # ID=1_501;partial=00;start_type=ATG;rbs_motif=None;rbs_spacer=None;gc_cont=
   #    score  bias  c-Evalue  i-Evalue hmmfrom  hmm to    alifrom  ali to    envfrom  env to     acc
 ---   ------ ----- --------- --------- ------- -------    ------- -------    ------- -------    ----
   1 !   11.1   0.1   1.9e-05     0.015     280     330 ..     652     702 ..     650     704 .. 0.92

  Alignments for each domain:
  == domain 1  score: 11.1 bits;  conditional E-value: 1.9e-05
             K22207 280 vkeLvkicreegvdqvfvDaAHaiGqvdvdvke.igadfytsnlhKWffcPk 330
                        +keL  i++++g  qv +D+A    qv + +   igad    nlhK f  P+
  NZ_AP021898.1_501 652 IKELCDIVHANGG-QVYMDGANMNAQVGLTCPGcIGADVCHLNLHKTFAMPH 702
                        89**********9.8****************9846***********998886 PP



Internal pipeline statistics summary:
-------------------------------------
Query model(s):                            1  (583 nodes)
Target sequences:                       2416  (850434 residues searched)
Passed MSV filter:                        68  (0.0281457); expected 48.3 (0.02)
Passed bias filter:                       62  (0.0256623); expected 48.3 (0.02)
Passed Vit filter:                        12  (0.00496689); expected 2.4 (0.001)
Passed Fwd filter:                         3  (0.00124172); expected 0.0 (1e-05)
Initial search space (Z):               2416  [actual number of targets]
Domain search space  (domZ):               3  [number of targets reported over threshold]
# CPU time: 0.05u 0.01s 00:00:00.06 Elapsed: 00:00:00.05
# Mc/sec: 9421.35
//
# Alignment of 3 hits satisfying inclusion thresholds saved to: workflow/out/lcd/hmmer_output/Akkermansia_muciniphila_lcd.sto
[ok]
