# hmmsearch :: search profile(s) against a sequence database
# HMMER 3.3.2 (Nov 2020); http://hmmer.org/
# Copyright (C) 2020 Howard Hughes Medical Institute.
# Freely distributed under the BSD open source license.
# - - - - - - - - - - - - - - - - - - - - - - - - - - - - - - - - - - - -
# query HMM file:                  config/profileHMMs/lcd.HMM
# target sequence database:        workflow/out/prodigal/proteinSeq/Alistipes-putredinis-DSM-17216-MAF-2_prodigal.faa
# output directed to file:         workflow/out/lcd/hmmer_output/Alistipes-putredinis-DSM-17216-MAF-2_lcd.hmm.out
# MSA of all hits saved to file:   workflow/out/lcd/hmmer_output/Alistipes-putredinis-DSM-17216-MAF-2_lcd.sto
# per-dom hits tabular output:     workflow/out/lcd/hmmer_output/Alistipes-putredinis-DSM-17216-MAF-2_lcd.domtblout
# - - - - - - - - - - - - - - - - - - - - - - - - - - - - - - - - - - - -

Query:       K22207  [M=583]
Scores for complete sequences (score includes all domains):
   --- full sequence ---   --- best 1 domain ---    -#dom-
    E-value  score  bias    E-value  score  bias    exp  N  Sequence Description
    ------- ------ -----    ------- ------ -----   ---- --  -------- -----------
    2.1e-13   46.9   0.3    4.1e-12   42.7   0.3    2.5  1  1_1656    # 1796032 # 1797249 # -1 # ID=1_1656;partial=00;sta
     0.0073   12.1   0.0      0.011   11.5   0.0    1.1  1  1_2218    # 2393106 # 2394293 # -1 # ID=1_2218;partial=00;sta


Domain annotation for each sequence (and alignments):
>> 1_1656  # 1796032 # 1797249 # -1 # ID=1_1656;partial=00;start_type=ATG;rbs_motif=TAA;rbs_spacer=11bp;gc_cont=0.619
   #    score  bias  c-Evalue  i-Evalue hmmfrom  hmm to    alifrom  ali to    envfrom  env to     acc
 ---   ------ ----- --------- --------- ------- -------    ------- -------    ------- -------    ----
   1 !   42.7   0.3   3.5e-15   4.1e-12     111     499 ..      23     398 ..      16     404 .. 0.70

  Alignments for each domain:
  == domain 1  score: 42.7 bits;  conditional E-value: 3.5e-15
  K22207 111 variNnGSFGscpksvleaqqewqlk...flrqPdefyfnelkkgilksrtlikelinaddvdevslvdnaTtaaaivlqqvawaFaegkfqkgdavvmLhya 210
             +++++ G+    p++v+e   +++++    +++  +f  +e ++   ++r+ i+e+i+a+  +ev++    T++a++ l+ va a++e+ ++ gd +v+ ++ 
  1_1656  23 LVYLDSGATAQKPECVIETVDRLHREsnaNIHRGVHFLSEEATEMYEAARARIAEYIGAEAREEVVF----TAGATASLNTVAYAWCERFLRAGDNIVVSEME 121
             667777777778888888777666551114678899*****************************98....55555566666777779999************ PP

  K22207 211 YgaVKksieayvtraggeVievelpfPvksneeiieefrkaLekgkangrrvrLaviDhitSmpsvvlPvkeLvkicreegvdqvfvDaAHaiGqvdvdvkei 313
               +     + +++r+g+e+      +P  ++  +++e   aL ++++     r++ +   +   +     + ++  ++  g   v+vD+ +++ +  vdvk++
  1_1656 122 HHSNIVPWQLVAERKGAEIRV----LPFDEEGRLMTERLPALLDART-----RVVAVTQASNTLGTRPDLRPVIDEAHRVGA-VVVVDGCQGVVHGGVDVKAL 214
             ***9999**********9764....45599***********976655.....555555444444444445667777888888.6******************* PP

  K22207 314 gadfytsnlhKWffcPksvAfLyvrksskssdlh..........hPvvsheYgnglaiesaw.iGtrDysaqlvvpealeFvnrfegGiegikkrnhelvvem 405
             ++dfy+   hK +++P+++ +Ly ++  +  d            +  vs e     ++   +  Gt  +   +++ ea+ +v++f  +  ++++  ++l  ++
  1_1656 215 DCDFYAFSGHK-LYAPTGIGVLYGKR--DLLDRMppflsggdmvDR-VSFEKTTFAPVPLKFeAGTANFVGAIALGEAVRYVRQF--DAAEVEAHERALLLRA 311
             ***********.9***********99..433333255555533222.33331111222232226888888888888888888888..5677888888888888 PP

  K22207 406 gemLaeawgtel.gappemcasmvmvgLPaalgissdddalkLrthLreefkveVpi..yyrapkdgeveqvtgyvRiShqvYnkveDyeklrdAvn 499
              e L +  g ++ g+ p+ ca++    +    g++  d  +     + ++ ++ V +  +  +p + ++  vtg +R S ++Yn+  +  +l   v+
  1_1656 312 TEGLERIPGLRIyGTTPDKCAIVS---FN-VEGVHPYDMGM-----ILDKLGIAVRTgqHCAEPVMTHY-GVTGMCRASFAMYNTLAEADALVAGVE 398
             888888888877788888887432...22.23344444322.....22334444444212222222222.567888888888888888777776666 PP

>> 1_2218  # 2393106 # 2394293 # -1 # ID=1_2218;partial=00;start_type=ATG;rbs_motif=AAAA;rbs_spacer=9bp;gc_cont=0.589
   #    score  bias  c-Evalue  i-Evalue hmmfrom  hmm to    alifrom  ali to    envfrom  env to     acc
 ---   ------ ----- --------- --------- ------- -------    ------- -------    ------- -------    ----
   1 !   11.5   0.0   9.5e-06     0.011     246     305 ..     158     214 ..     151     218 .. 0.87

  Alignments for each domain:
  == domain 1  score: 11.5 bits;  conditional E-value: 9.5e-06
  K22207 246 eefrkaLekgkangrrvrLaviDhitSmpsvvlPvkeLvkicreegvdqvfvDaAHaiGq 305
             +e+++ L+k++   +r+r+ v D + Sm +   P  e+ k++ +++   v+vD  H+ G 
  1_2218 158 AELEDCLKKAQ--AQRFRIIVTDGVFSMDGNAAPLDEICKLAEKYDA-LVMVDECHSAGV 214
             56777786555..569**************************99999.6*******9996 PP



Internal pipeline statistics summary:
-------------------------------------
Query model(s):                            1  (583 nodes)
Target sequences:                       2367  (733584 residues searched)
Passed MSV filter:                        66  (0.0278834); expected 47.3 (0.02)
Passed bias filter:                       57  (0.0240811); expected 47.3 (0.02)
Passed Vit filter:                         9  (0.00380228); expected 2.4 (0.001)
Passed Fwd filter:                         2  (0.000844951); expected 0.0 (1e-05)
Initial search space (Z):               2367  [actual number of targets]
Domain search space  (domZ):               2  [number of targets reported over threshold]
# CPU time: 0.05u 0.00s 00:00:00.05 Elapsed: 00:00:00.03
# Mc/sec: 13296.72
//
# Alignment of 2 hits satisfying inclusion thresholds saved to: workflow/out/lcd/hmmer_output/Alistipes-putredinis-DSM-17216-MAF-2_lcd.sto
[ok]
