# hmmsearch :: search profile(s) against a sequence database
# HMMER 3.3.2 (Nov 2020); http://hmmer.org/
# Copyright (C) 2020 Howard Hughes Medical Institute.
# Freely distributed under the BSD open source license.
# - - - - - - - - - - - - - - - - - - - - - - - - - - - - - - - - - - - -
# query HMM file:                  config/profileHMMs/lcd.HMM
# target sequence database:        workflow/out/prodigal/proteinSeq/Bifidobacterium_longum_prodigal.faa
# output directed to file:         workflow/out/lcd/hmmer_output/Bifidobacterium_longum_lcd.hmm.out
# MSA of all hits saved to file:   workflow/out/lcd/hmmer_output/Bifidobacterium_longum_lcd.sto
# per-dom hits tabular output:     workflow/out/lcd/hmmer_output/Bifidobacterium_longum_lcd.domtblout
# - - - - - - - - - - - - - - - - - - - - - - - - - - - - - - - - - - - -

Query:       K22207  [M=583]
Scores for complete sequences (score includes all domains):
   --- full sequence ---   --- best 1 domain ---    -#dom-
    E-value  score  bias    E-value  score  bias    exp  N  Sequence         Description
    ------- ------ -----    ------- ------ -----   ---- --  --------         -----------
    8.1e-08   28.2   0.8    6.5e-07   25.2   0.4    2.3  2  NC_015067.1_756   # 943534 # 944808 # 1 # ID=1_756;partial=00
    5.1e-07   25.6   0.0      7e-07   25.1   0.0    1.2  1  NC_015067.1_1243  # 1436016 # 1437263 # -1 # ID=1_1243;partia


Domain annotation for each sequence (and alignments):
>> NC_015067.1_756  # 943534 # 944808 # 1 # ID=1_756;partial=00;start_type=ATG;rbs_motif=AGxAGG/AGGxGG;rbs_spacer=5-10bp
   #    score  bias  c-Evalue  i-Evalue hmmfrom  hmm to    alifrom  ali to    envfrom  env to     acc
 ---   ------ ----- --------- --------- ------- -------    ------- -------    ------- -------    ----
   1 !   25.2   0.4   6.7e-10   6.5e-07     199     339 ..     125     254 ..      60     264 .. 0.66
   2 ?    0.1   0.0     0.028        27     478     498 ..     394     414 ..     371     419 .. 0.84

  Alignments for each domain:
  == domain 1  score: 25.2 bits;  conditional E-value: 6.7e-10
           K22207 199 qkgdavvmLhyaYgaVKksieayvtraggeVievelpfPvksneeiieefrkaLekgkangrrvrLaviDhitSmpsvvlPvkeLvkicreegv 292
                      ++gd +v+      +V   ++ +  r g++   + l     ++  + +   ++L++     +r++++ + h+    + +  +  ++k ++e g 
  NC_015067.1_756 125 KPGDEIVVSRAEHHSVLLPFQELSYRTGATFKWIDLT----EDGRVRT---DNLDEVI--TERTKVVAVTHVGNATGAITNIAPIIKRAHEVGS 209
                      4555555555555555555555555555555554443....2333332...2222222..358899999**************99998888887 PP

           K22207 293 dqvfvDaAHaiGqvdvdvkeigadfytsnlhKWffcPksvAfLyvrk 339
                         ++Da +++ +++vd +++++df +  +hK +++P++v fLy ++
  NC_015067.1_756 210 -IFILDACQSVPHLKVDFHALDVDFAAWSAHK-MYGPTGVGFLYGKR 254
                      .4567***************************.9**********886 PP

  == domain 2  score: 0.1 bits;  conditional E-value: 0.028
           K22207 478 vRiShqvYnkveDyeklrdAv 498
                       R S  vYn veD ++l +A 
  NC_015067.1_756 394 NRASSGVYNSVEDAQALVEAA 414
                      5999************99986 PP

>> NC_015067.1_1243  # 1436016 # 1437263 # -1 # ID=1_1243;partial=00;start_type=ATG;rbs_motif=GGA/GAG/AGG;rbs_spacer=5-1
   #    score  bias  c-Evalue  i-Evalue hmmfrom  hmm to    alifrom  ali to    envfrom  env to     acc
 ---   ------ ----- --------- --------- ------- -------    ------- -------    ------- -------    ----
   1 !   25.1   0.0   7.2e-10     7e-07     274     339 ..     188     251 ..     121     274 .. 0.78

  Alignments for each domain:
  == domain 1  score: 25.1 bits;  conditional E-value: 7.2e-10
            K22207 274 psvvlPvkeLvkicreegvdqvfvDaAHaiGqvdvdvkeigadfytsnlhKWffcPksvAfLyvrk 339
                        + v Pv+eLv+i++++gv+ + vDa +a Gq+++  ++ ++d      hK f  Pk+   L vr 
  NC_015067.1_1243 188 VGTVEPVEELVRIAHAHGVP-IHVDAVQAAGQIPIRFRDWDVDALSVSGHK-FGTPKGLGALLVRG 251
                       56789**************8.******************************.77899988887776 PP



Internal pipeline statistics summary:
-------------------------------------
Query model(s):                            1  (583 nodes)
Target sequences:                       1952  (693969 residues searched)
Passed MSV filter:                        42  (0.0215164); expected 39.0 (0.02)
Passed bias filter:                       36  (0.0184426); expected 39.0 (0.02)
Passed Vit filter:                         6  (0.00307377); expected 2.0 (0.001)
Passed Fwd filter:                         2  (0.00102459); expected 0.0 (1e-05)
Initial search space (Z):               1952  [actual number of targets]
Domain search space  (domZ):               2  [number of targets reported over threshold]
# CPU time: 0.04u 0.00s 00:00:00.04 Elapsed: 00:00:00.02
# Mc/sec: 14656.64
//
# Alignment of 2 hits satisfying inclusion thresholds saved to: workflow/out/lcd/hmmer_output/Bifidobacterium_longum_lcd.sto
[ok]
